{"/home/nataly/Escritorio/proyectos/api/frontend/pos-frontend/src/App.tsx": {"path":"/home/nataly/Escritorio/proyectos/api/frontend/pos-frontend/src/App.tsx","statementMap":{"0":{"start":{"line":11,"column":6},"end":{"line":11,"column":null}},"1":{"start":{"line":11,"column":29},"end":{"line":11,"column":null}},"2":{"start":{"line":12,"column":6},"end":{"line":12,"column":null}},"3":{"start":{"line":12,"column":29},"end":{"line":12,"column":null}},"4":{"start":{"line":13,"column":6},"end":{"line":13,"column":null}},"5":{"start":{"line":13,"column":29},"end":{"line":13,"column":null}},"6":{"start":{"line":14,"column":6},"end":{"line":14,"column":null}},"7":{"start":{"line":14,"column":41},"end":{"line":14,"column":null}},"8":{"start":{"line":15,"column":6},"end":{"line":15,"column":null}},"9":{"start":{"line":15,"column":42},"end":{"line":15,"column":null}},"10":{"start":{"line":16,"column":6},"end":{"line":16,"column":null}},"11":{"start":{"line":16,"column":36},"end":{"line":16,"column":null}},"12":{"start":{"line":17,"column":6},"end":{"line":17,"column":null}},"13":{"start":{"line":17,"column":40},"end":{"line":17,"column":null}},"14":{"start":{"line":20,"column":2},"end":{"line":23,"column":null}},"15":{"start":{"line":28,"column":2},"end":{"line":67,"column":null}}},"fnMap":{"0":{"name":"(anonymous_0)","decl":{"start":{"line":11,"column":18},"end":{"line":11,"column":29}},"loc":{"start":{"line":11,"column":29},"end":{"line":11,"column":null}},"line":11},"1":{"name":"(anonymous_1)","decl":{"start":{"line":12,"column":18},"end":{"line":12,"column":29}},"loc":{"start":{"line":12,"column":29},"end":{"line":12,"column":null}},"line":12},"2":{"name":"(anonymous_2)","decl":{"start":{"line":13,"column":18},"end":{"line":13,"column":29}},"loc":{"start":{"line":13,"column":29},"end":{"line":13,"column":null}},"line":13},"3":{"name":"(anonymous_3)","decl":{"start":{"line":14,"column":30},"end":{"line":14,"column":41}},"loc":{"start":{"line":14,"column":41},"end":{"line":14,"column":null}},"line":14},"4":{"name":"(anonymous_4)","decl":{"start":{"line":15,"column":31},"end":{"line":15,"column":42}},"loc":{"start":{"line":15,"column":42},"end":{"line":15,"column":null}},"line":15},"5":{"name":"(anonymous_5)","decl":{"start":{"line":16,"column":25},"end":{"line":16,"column":36}},"loc":{"start":{"line":16,"column":36},"end":{"line":16,"column":null}},"line":16},"6":{"name":"(anonymous_6)","decl":{"start":{"line":17,"column":29},"end":{"line":17,"column":40}},"loc":{"start":{"line":17,"column":40},"end":{"line":17,"column":null}},"line":17},"7":{"name":"PageLoader","decl":{"start":{"line":19,"column":9},"end":{"line":19,"column":22}},"loc":{"start":{"line":19,"column":22},"end":{"line":23,"column":null}},"line":19},"8":{"name":"App","decl":{"start":{"line":27,"column":9},"end":{"line":27,"column":15}},"loc":{"start":{"line":27,"column":15},"end":{"line":67,"column":null}},"line":27}},"branchMap":{},"s":{"0":0,"1":0,"2":0,"3":0,"4":0,"5":0,"6":0,"7":0,"8":0,"9":0,"10":0,"11":0,"12":0,"13":0,"14":0,"15":0},"f":{"0":0,"1":0,"2":0,"3":0,"4":0,"5":0,"6":0,"7":0,"8":0},"b":{},"meta":{"lastBranch":0,"lastFunction":9,"lastStatement":16,"seen":{"s:11:6:11:Infinity":0,"f:11:18:11:29":0,"s:11:29:11:Infinity":1,"s:12:6:12:Infinity":2,"f:12:18:12:29":1,"s:12:29:12:Infinity":3,"s:13:6:13:Infinity":4,"f:13:18:13:29":2,"s:13:29:13:Infinity":5,"s:14:6:14:Infinity":6,"f:14:30:14:41":3,"s:14:41:14:Infinity":7,"s:15:6:15:Infinity":8,"f:15:31:15:42":4,"s:15:42:15:Infinity":9,"s:16:6:16:Infinity":10,"f:16:25:16:36":5,"s:16:36:16:Infinity":11,"s:17:6:17:Infinity":12,"f:17:29:17:40":6,"s:17:40:17:Infinity":13,"f:19:9:19:22":7,"s:20:2:23:Infinity":14,"f:27:9:27:15":8,"s:28:2:67:Infinity":15}}}
,"/home/nataly/Escritorio/proyectos/api/frontend/pos-frontend/src/application/ports/AddProductToCart.ts": {"path":"/home/nataly/Escritorio/proyectos/api/frontend/pos-frontend/src/application/ports/AddProductToCart.ts","statementMap":{},"fnMap":{},"branchMap":{},"s":{},"f":{},"b":{},"meta":{"lastBranch":0,"lastFunction":0,"lastStatement":0,"seen":{}}}
,"/home/nataly/Escritorio/proyectos/api/frontend/pos-frontend/src/application/ports/ApplyDiscount.ts": {"path":"/home/nataly/Escritorio/proyectos/api/frontend/pos-frontend/src/application/ports/ApplyDiscount.ts","statementMap":{},"fnMap":{},"branchMap":{},"s":{},"f":{},"b":{},"meta":{"lastBranch":0,"lastFunction":0,"lastStatement":0,"seen":{}}}
,"/home/nataly/Escritorio/proyectos/api/frontend/pos-frontend/src/application/ports/CancelSale.ts": {"path":"/home/nataly/Escritorio/proyectos/api/frontend/pos-frontend/src/application/ports/CancelSale.ts","statementMap":{},"fnMap":{},"branchMap":{},"s":{},"f":{},"b":{},"meta":{"lastBranch":0,"lastFunction":0,"lastStatement":0,"seen":{}}}
,"/home/nataly/Escritorio/proyectos/api/frontend/pos-frontend/src/application/ports/ClearCart.ts": {"path":"/home/nataly/Escritorio/proyectos/api/frontend/pos-frontend/src/application/ports/ClearCart.ts","statementMap":{},"fnMap":{},"branchMap":{},"s":{},"f":{},"b":{},"meta":{"lastBranch":0,"lastFunction":0,"lastStatement":0,"seen":{}}}
,"/home/nataly/Escritorio/proyectos/api/frontend/pos-frontend/src/application/ports/CreateCustomer.ts": {"path":"/home/nataly/Escritorio/proyectos/api/frontend/pos-frontend/src/application/ports/CreateCustomer.ts","statementMap":{},"fnMap":{},"branchMap":{},"s":{},"f":{},"b":{},"meta":{"lastBranch":0,"lastFunction":0,"lastStatement":0,"seen":{}}}
,"/home/nataly/Escritorio/proyectos/api/frontend/pos-frontend/src/application/ports/CreateProduct.ts": {"path":"/home/nataly/Escritorio/proyectos/api/frontend/pos-frontend/src/application/ports/CreateProduct.ts","statementMap":{},"fnMap":{},"branchMap":{},"s":{},"f":{},"b":{},"meta":{"lastBranch":0,"lastFunction":0,"lastStatement":0,"seen":{}}}
,"/home/nataly/Escritorio/proyectos/api/frontend/pos-frontend/src/application/ports/DeleteProduct.ts": {"path":"/home/nataly/Escritorio/proyectos/api/frontend/pos-frontend/src/application/ports/DeleteProduct.ts","statementMap":{},"fnMap":{},"branchMap":{},"s":{},"f":{},"b":{},"meta":{"lastBranch":0,"lastFunction":0,"lastStatement":0,"seen":{}}}
,"/home/nataly/Escritorio/proyectos/api/frontend/pos-frontend/src/application/ports/GenerateInvoice.ts": {"path":"/home/nataly/Escritorio/proyectos/api/frontend/pos-frontend/src/application/ports/GenerateInvoice.ts","statementMap":{},"fnMap":{},"branchMap":{},"s":{},"f":{},"b":{},"meta":{"lastBranch":0,"lastFunction":0,"lastStatement":0,"seen":{}}}
,"/home/nataly/Escritorio/proyectos/api/frontend/pos-frontend/src/application/ports/GetCustomers.ts": {"path":"/home/nataly/Escritorio/proyectos/api/frontend/pos-frontend/src/application/ports/GetCustomers.ts","statementMap":{},"fnMap":{},"branchMap":{},"s":{},"f":{},"b":{},"meta":{"lastBranch":0,"lastFunction":0,"lastStatement":0,"seen":{}}}
,"/home/nataly/Escritorio/proyectos/api/frontend/pos-frontend/src/application/ports/GetProducts.ts": {"path":"/home/nataly/Escritorio/proyectos/api/frontend/pos-frontend/src/application/ports/GetProducts.ts","statementMap":{},"fnMap":{},"branchMap":{},"s":{},"f":{},"b":{},"meta":{"lastBranch":0,"lastFunction":0,"lastStatement":0,"seen":{}}}
,"/home/nataly/Escritorio/proyectos/api/frontend/pos-frontend/src/application/ports/GetSalesHistory.ts": {"path":"/home/nataly/Escritorio/proyectos/api/frontend/pos-frontend/src/application/ports/GetSalesHistory.ts","statementMap":{},"fnMap":{},"branchMap":{},"s":{},"f":{},"b":{},"meta":{"lastBranch":0,"lastFunction":0,"lastStatement":0,"seen":{}}}
,"/home/nataly/Escritorio/proyectos/api/frontend/pos-frontend/src/application/ports/HoldSale.ts": {"path":"/home/nataly/Escritorio/proyectos/api/frontend/pos-frontend/src/application/ports/HoldSale.ts","statementMap":{},"fnMap":{},"branchMap":{},"s":{},"f":{},"b":{},"meta":{"lastBranch":0,"lastFunction":0,"lastStatement":0,"seen":{}}}
,"/home/nataly/Escritorio/proyectos/api/frontend/pos-frontend/src/application/ports/ProcessSale.ts": {"path":"/home/nataly/Escritorio/proyectos/api/frontend/pos-frontend/src/application/ports/ProcessSale.ts","statementMap":{},"fnMap":{},"branchMap":{},"s":{},"f":{},"b":{},"meta":{"lastBranch":0,"lastFunction":0,"lastStatement":0,"seen":{}}}
,"/home/nataly/Escritorio/proyectos/api/frontend/pos-frontend/src/application/ports/RefundSale.ts": {"path":"/home/nataly/Escritorio/proyectos/api/frontend/pos-frontend/src/application/ports/RefundSale.ts","statementMap":{},"fnMap":{},"branchMap":{},"s":{},"f":{},"b":{},"meta":{"lastBranch":0,"lastFunction":0,"lastStatement":0,"seen":{}}}
,"/home/nataly/Escritorio/proyectos/api/frontend/pos-frontend/src/application/ports/RemoveFromCart.ts": {"path":"/home/nataly/Escritorio/proyectos/api/frontend/pos-frontend/src/application/ports/RemoveFromCart.ts","statementMap":{},"fnMap":{},"branchMap":{},"s":{},"f":{},"b":{},"meta":{"lastBranch":0,"lastFunction":0,"lastStatement":0,"seen":{}}}
,"/home/nataly/Escritorio/proyectos/api/frontend/pos-frontend/src/application/ports/SearchCustomers.ts": {"path":"/home/nataly/Escritorio/proyectos/api/frontend/pos-frontend/src/application/ports/SearchCustomers.ts","statementMap":{},"fnMap":{},"branchMap":{},"s":{},"f":{},"b":{},"meta":{"lastBranch":0,"lastFunction":0,"lastStatement":0,"seen":{}}}
,"/home/nataly/Escritorio/proyectos/api/frontend/pos-frontend/src/application/ports/SearchProducts.ts": {"path":"/home/nataly/Escritorio/proyectos/api/frontend/pos-frontend/src/application/ports/SearchProducts.ts","statementMap":{},"fnMap":{},"branchMap":{},"s":{},"f":{},"b":{},"meta":{"lastBranch":0,"lastFunction":0,"lastStatement":0,"seen":{}}}
,"/home/nataly/Escritorio/proyectos/api/frontend/pos-frontend/src/application/ports/UpdateCartItem.ts": {"path":"/home/nataly/Escritorio/proyectos/api/frontend/pos-frontend/src/application/ports/UpdateCartItem.ts","statementMap":{},"fnMap":{},"branchMap":{},"s":{},"f":{},"b":{},"meta":{"lastBranch":0,"lastFunction":0,"lastStatement":0,"seen":{}}}
,"/home/nataly/Escritorio/proyectos/api/frontend/pos-frontend/src/application/ports/UpdateCustomer.ts": {"path":"/home/nataly/Escritorio/proyectos/api/frontend/pos-frontend/src/application/ports/UpdateCustomer.ts","statementMap":{},"fnMap":{},"branchMap":{},"s":{},"f":{},"b":{},"meta":{"lastBranch":0,"lastFunction":0,"lastStatement":0,"seen":{}}}
,"/home/nataly/Escritorio/proyectos/api/frontend/pos-frontend/src/application/ports/UpdateProduct.ts": {"path":"/home/nataly/Escritorio/proyectos/api/frontend/pos-frontend/src/application/ports/UpdateProduct.ts","statementMap":{},"fnMap":{},"branchMap":{},"s":{},"f":{},"b":{},"meta":{"lastBranch":0,"lastFunction":0,"lastStatement":0,"seen":{}}}
,"/home/nataly/Escritorio/proyectos/api/frontend/pos-frontend/src/application/useCases/AddProductToCartUseCase.ts": {"path":"/home/nataly/Escritorio/proyectos/api/frontend/pos-frontend/src/application/useCases/AddProductToCartUseCase.ts","statementMap":{"0":{"start":{"line":9,"column":21},"end":{"line":9,"column":null}},"1":{"start":{"line":10,"column":21},"end":{"line":10,"column":null}},"2":{"start":{"line":14,"column":20},"end":{"line":14,"column":76}},"3":{"start":{"line":16,"column":4},"end":{"line":22,"column":null}},"4":{"start":{"line":17,"column":19},"end":{"line":17,"column":69}},"5":{"start":{"line":18,"column":25},"end":{"line":18,"column":89}},"6":{"start":{"line":19,"column":6},"end":{"line":20,"column":null}},"7":{"start":{"line":20,"column":8},"end":{"line":20,"column":null}},"8":{"start":{"line":22,"column":6},"end":{"line":22,"column":null}},"9":{"start":{"line":26,"column":20},"end":{"line":26,"column":54}},"10":{"start":{"line":27,"column":23},"end":{"line":27,"column":90}},"11":{"start":{"line":28,"column":4},"end":{"line":29,"column":null}},"12":{"start":{"line":29,"column":6},"end":{"line":29,"column":null}},"13":{"start":{"line":31,"column":4},"end":{"line":31,"column":null}}},"fnMap":{"0":{"name":"(anonymous_0)","decl":{"start":{"line":8,"column":2},"end":{"line":8,"column":null}},"loc":{"start":{"line":11,"column":4},"end":{"line":10,"column":null}},"line":11},"1":{"name":"(anonymous_1)","decl":{"start":{"line":13,"column":8},"end":{"line":13,"column":16}},"loc":{"start":{"line":13,"column":58},"end":{"line":31,"column":null}},"line":13}},"branchMap":{"0":{"loc":{"start":{"line":16,"column":4},"end":{"line":22,"column":null}},"type":"if","locations":[{"start":{"line":16,"column":4},"end":{"line":22,"column":null}},{"start":{},"end":{}}],"line":16},"1":{"loc":{"start":{"line":19,"column":6},"end":{"line":20,"column":null}},"type":"if","locations":[{"start":{"line":19,"column":6},"end":{"line":20,"column":null}},{"start":{},"end":{}}],"line":19},"2":{"loc":{"start":{"line":28,"column":4},"end":{"line":29,"column":null}},"type":"if","locations":[{"start":{"line":28,"column":4},"end":{"line":29,"column":null}},{"start":{},"end":{}}],"line":28}},"s":{"0":7,"1":7,"2":3,"3":3,"4":2,"5":2,"6":2,"7":1,"8":1,"9":1,"10":1,"11":1,"12":0,"13":1},"f":{"0":7,"1":3},"b":{"0":[2,1],"1":[1,1],"2":[0,1]},"meta":{"lastBranch":3,"lastFunction":2,"lastStatement":14,"seen":{"f:8:2:8:Infinity":0,"s:9:21:9:Infinity":0,"s:10:21:10:Infinity":1,"f:13:8:13:16":1,"s:14:20:14:76":2,"b:16:4:22:Infinity:undefined:undefined:undefined:undefined":0,"s:16:4:22:Infinity":3,"s:17:19:17:69":4,"s:18:25:18:89":5,"b:19:6:20:Infinity:undefined:undefined:undefined:undefined":1,"s:19:6:20:Infinity":6,"s:20:8:20:Infinity":7,"s:22:6:22:Infinity":8,"s:26:20:26:54":9,"s:27:23:27:90":10,"b:28:4:29:Infinity:undefined:undefined:undefined:undefined":2,"s:28:4:29:Infinity":11,"s:29:6:29:Infinity":12,"s:31:4:31:Infinity":13}}}
,"/home/nataly/Escritorio/proyectos/api/frontend/pos-frontend/src/application/useCases/ApplyDiscountUseCase.ts": {"path":"/home/nataly/Escritorio/proyectos/api/frontend/pos-frontend/src/application/useCases/ApplyDiscountUseCase.ts","statementMap":{"0":{"start":{"line":6,"column":31},"end":{"line":6,"column":63}},"1":{"start":{"line":9,"column":4},"end":{"line":9,"column":null}},"2":{"start":{"line":9,"column":22},"end":{"line":9,"column":null}},"3":{"start":{"line":10,"column":4},"end":{"line":10,"column":null}},"4":{"start":{"line":10,"column":24},"end":{"line":10,"column":null}},"5":{"start":{"line":12,"column":17},"end":{"line":12,"column":59}},"6":{"start":{"line":14,"column":4},"end":{"line":14,"column":null}}},"fnMap":{"0":{"name":"(anonymous_0)","decl":{"start":{"line":6,"column":2},"end":{"line":6,"column":14}},"loc":{"start":{"line":6,"column":63},"end":{"line":6,"column":63}},"line":6},"1":{"name":"(anonymous_1)","decl":{"start":{"line":8,"column":8},"end":{"line":8,"column":16}},"loc":{"start":{"line":8,"column":65},"end":{"line":14,"column":null}},"line":8}},"branchMap":{"0":{"loc":{"start":{"line":9,"column":4},"end":{"line":9,"column":null}},"type":"if","locations":[{"start":{"line":9,"column":4},"end":{"line":9,"column":null}},{"start":{},"end":{}}],"line":9},"1":{"loc":{"start":{"line":10,"column":4},"end":{"line":10,"column":null}},"type":"if","locations":[{"start":{"line":10,"column":4},"end":{"line":10,"column":null}},{"start":{},"end":{}}],"line":10}},"s":{"0":9,"1":5,"2":1,"3":4,"4":4,"5":3,"6":3},"f":{"0":9,"1":5},"b":{"0":[1,4],"1":[1,3]},"meta":{"lastBranch":2,"lastFunction":2,"lastStatement":7,"seen":{"f:6:2:6:14":0,"s:6:31:6:63":0,"f:8:8:8:16":1,"b:9:4:9:Infinity:undefined:undefined:undefined:undefined":0,"s:9:4:9:Infinity":1,"s:9:22:9:Infinity":2,"b:10:4:10:Infinity:undefined:undefined:undefined:undefined":1,"s:10:4:10:Infinity":3,"s:10:24:10:Infinity":4,"s:12:17:12:59":5,"s:14:4:14:Infinity":6}}}
,"/home/nataly/Escritorio/proyectos/api/frontend/pos-frontend/src/application/useCases/CancelSaleUseCase.ts": {"path":"/home/nataly/Escritorio/proyectos/api/frontend/pos-frontend/src/application/useCases/CancelSaleUseCase.ts","statementMap":{"0":{"start":{"line":13,"column":31},"end":{"line":13,"column":63}},"1":{"start":{"line":16,"column":17},"end":{"line":16,"column":59}},"2":{"start":{"line":18,"column":4},"end":{"line":19,"column":null}},"3":{"start":{"line":19,"column":6},"end":{"line":19,"column":null}},"4":{"start":{"line":22,"column":4},"end":{"line":23,"column":null}},"5":{"start":{"line":23,"column":6},"end":{"line":23,"column":null}},"6":{"start":{"line":26,"column":4},"end":{"line":26,"column":null}}},"fnMap":{"0":{"name":"(anonymous_0)","decl":{"start":{"line":13,"column":2},"end":{"line":13,"column":14}},"loc":{"start":{"line":13,"column":63},"end":{"line":13,"column":63}},"line":13},"1":{"name":"(anonymous_1)","decl":{"start":{"line":15,"column":8},"end":{"line":15,"column":16}},"loc":{"start":{"line":15,"column":47},"end":{"line":26,"column":null}},"line":15}},"branchMap":{"0":{"loc":{"start":{"line":18,"column":4},"end":{"line":19,"column":null}},"type":"if","locations":[{"start":{"line":18,"column":4},"end":{"line":19,"column":null}},{"start":{},"end":{}}],"line":18},"1":{"loc":{"start":{"line":22,"column":4},"end":{"line":23,"column":null}},"type":"if","locations":[{"start":{"line":22,"column":4},"end":{"line":23,"column":null}},{"start":{},"end":{}}],"line":22}},"s":{"0":8,"1":4,"2":4,"3":1,"4":3,"5":1,"6":2},"f":{"0":8,"1":4},"b":{"0":[1,3],"1":[1,2]},"meta":{"lastBranch":2,"lastFunction":2,"lastStatement":7,"seen":{"f:13:2:13:14":0,"s:13:31:13:63":0,"f:15:8:15:16":1,"s:16:17:16:59":1,"b:18:4:19:Infinity:undefined:undefined:undefined:undefined":0,"s:18:4:19:Infinity":2,"s:19:6:19:Infinity":3,"b:22:4:23:Infinity:undefined:undefined:undefined:undefined":1,"s:22:4:23:Infinity":4,"s:23:6:23:Infinity":5,"s:26:4:26:Infinity":6}}}
,"/home/nataly/Escritorio/proyectos/api/frontend/pos-frontend/src/application/useCases/ClearCartUseCase.ts": {"path":"/home/nataly/Escritorio/proyectos/api/frontend/pos-frontend/src/application/useCases/ClearCartUseCase.ts","statementMap":{"0":{"start":{"line":5,"column":31},"end":{"line":5,"column":63}},"1":{"start":{"line":8,"column":4},"end":{"line":8,"column":null}}},"fnMap":{"0":{"name":"(anonymous_0)","decl":{"start":{"line":5,"column":2},"end":{"line":5,"column":14}},"loc":{"start":{"line":5,"column":63},"end":{"line":5,"column":63}},"line":5},"1":{"name":"(anonymous_1)","decl":{"start":{"line":7,"column":8},"end":{"line":7,"column":16}},"loc":{"start":{"line":7,"column":47},"end":{"line":8,"column":null}},"line":7}},"branchMap":{},"s":{"0":4,"1":0},"f":{"0":4,"1":0},"b":{},"meta":{"lastBranch":0,"lastFunction":2,"lastStatement":2,"seen":{"f:5:2:5:14":0,"s:5:31:5:63":0,"f:7:8:7:16":1,"s:8:4:8:Infinity":1}}}
,"/home/nataly/Escritorio/proyectos/api/frontend/pos-frontend/src/application/useCases/CreateCustomerUseCase.ts": {"path":"/home/nataly/Escritorio/proyectos/api/frontend/pos-frontend/src/application/useCases/CreateCustomerUseCase.ts","statementMap":{"0":{"start":{"line":12,"column":31},"end":{"line":12,"column":71}},"1":{"start":{"line":15,"column":4},"end":{"line":16,"column":null}},"2":{"start":{"line":16,"column":6},"end":{"line":16,"column":null}},"3":{"start":{"line":20,"column":21},"end":{"line":20,"column":83}},"4":{"start":{"line":21,"column":22},"end":{"line":22,"column":null}},"5":{"start":{"line":22,"column":13},"end":{"line":22,"column":62}},"6":{"start":{"line":25,"column":4},"end":{"line":26,"column":null}},"7":{"start":{"line":26,"column":6},"end":{"line":26,"column":null}},"8":{"start":{"line":29,"column":4},"end":{"line":29,"column":null}}},"fnMap":{"0":{"name":"(anonymous_0)","decl":{"start":{"line":12,"column":2},"end":{"line":12,"column":14}},"loc":{"start":{"line":12,"column":71},"end":{"line":12,"column":71}},"line":12},"1":{"name":"(anonymous_1)","decl":{"start":{"line":14,"column":8},"end":{"line":14,"column":16}},"loc":{"start":{"line":14,"column":67},"end":{"line":29,"column":null}},"line":14},"2":{"name":"(anonymous_2)","decl":{"start":{"line":21,"column":37},"end":{"line":21,"column":null}},"loc":{"start":{"line":22,"column":13},"end":{"line":22,"column":62}},"line":22}},"branchMap":{"0":{"loc":{"start":{"line":15,"column":4},"end":{"line":16,"column":null}},"type":"if","locations":[{"start":{"line":15,"column":4},"end":{"line":16,"column":null}},{"start":{},"end":{}}],"line":15},"1":{"loc":{"start":{"line":15,"column":8},"end":{"line":15,"column":57}},"type":"binary-expr","locations":[{"start":{"line":15,"column":8},"end":{"line":15,"column":24}},{"start":{"line":15,"column":24},"end":{"line":15,"column":57}}],"line":15},"2":{"loc":{"start":{"line":25,"column":4},"end":{"line":26,"column":null}},"type":"if","locations":[{"start":{"line":25,"column":4},"end":{"line":26,"column":null}},{"start":{},"end":{}}],"line":25}},"s":{"0":9,"1":5,"2":2,"3":3,"4":3,"5":2,"6":3,"7":2,"8":1},"f":{"0":9,"1":5,"2":2},"b":{"0":[2,3],"1":[5,4],"2":[2,1]},"meta":{"lastBranch":3,"lastFunction":3,"lastStatement":9,"seen":{"f:12:2:12:14":0,"s:12:31:12:71":0,"f:14:8:14:16":1,"b:15:4:16:Infinity:undefined:undefined:undefined:undefined":0,"s:15:4:16:Infinity":1,"b:15:8:15:24:15:24:15:57":1,"s:16:6:16:Infinity":2,"s:20:21:20:83":3,"s:21:22:22:Infinity":4,"f:21:37:21:Infinity":2,"s:22:13:22:62":5,"b:25:4:26:Infinity:undefined:undefined:undefined:undefined":2,"s:25:4:26:Infinity":6,"s:26:6:26:Infinity":7,"s:29:4:29:Infinity":8}}}
,"/home/nataly/Escritorio/proyectos/api/frontend/pos-frontend/src/application/useCases/CreateProductUseCase.ts": {"path":"/home/nataly/Escritorio/proyectos/api/frontend/pos-frontend/src/application/useCases/CreateProductUseCase.ts","statementMap":{"0":{"start":{"line":7,"column":31},"end":{"line":7,"column":69}},"1":{"start":{"line":10,"column":28},"end":{"line":10,"column":75}},"2":{"start":{"line":11,"column":4},"end":{"line":12,"column":null}},"3":{"start":{"line":12,"column":6},"end":{"line":12,"column":null}},"4":{"start":{"line":15,"column":28},"end":{"line":15,"column":93}},"5":{"start":{"line":16,"column":4},"end":{"line":17,"column":null}},"6":{"start":{"line":17,"column":6},"end":{"line":17,"column":null}},"7":{"start":{"line":20,"column":4},"end":{"line":20,"column":null}}},"fnMap":{"0":{"name":"(anonymous_0)","decl":{"start":{"line":7,"column":2},"end":{"line":7,"column":14}},"loc":{"start":{"line":7,"column":69},"end":{"line":7,"column":69}},"line":7},"1":{"name":"(anonymous_1)","decl":{"start":{"line":9,"column":8},"end":{"line":9,"column":16}},"loc":{"start":{"line":9,"column":65},"end":{"line":20,"column":null}},"line":9}},"branchMap":{"0":{"loc":{"start":{"line":11,"column":4},"end":{"line":12,"column":null}},"type":"if","locations":[{"start":{"line":11,"column":4},"end":{"line":12,"column":null}},{"start":{},"end":{}}],"line":11},"1":{"loc":{"start":{"line":16,"column":4},"end":{"line":17,"column":null}},"type":"if","locations":[{"start":{"line":16,"column":4},"end":{"line":17,"column":null}},{"start":{},"end":{}}],"line":16}},"s":{"0":8,"1":4,"2":4,"3":2,"4":2,"5":2,"6":1,"7":1},"f":{"0":8,"1":4},"b":{"0":[2,2],"1":[1,1]},"meta":{"lastBranch":2,"lastFunction":2,"lastStatement":8,"seen":{"f:7:2:7:14":0,"s:7:31:7:69":0,"f:9:8:9:16":1,"s:10:28:10:75":1,"b:11:4:12:Infinity:undefined:undefined:undefined:undefined":0,"s:11:4:12:Infinity":2,"s:12:6:12:Infinity":3,"s:15:28:15:93":4,"b:16:4:17:Infinity:undefined:undefined:undefined:undefined":1,"s:16:4:17:Infinity":5,"s:17:6:17:Infinity":6,"s:20:4:20:Infinity":7}}}
,"/home/nataly/Escritorio/proyectos/api/frontend/pos-frontend/src/application/useCases/DeleteProductUseCase.ts": {"path":"/home/nataly/Escritorio/proyectos/api/frontend/pos-frontend/src/application/useCases/DeleteProductUseCase.ts","statementMap":{"0":{"start":{"line":7,"column":21},"end":{"line":7,"column":null}},"1":{"start":{"line":8,"column":21},"end":{"line":8,"column":null}},"2":{"start":{"line":13,"column":18},"end":{"line":13,"column":86}},"3":{"start":{"line":14,"column":21},"end":{"line":15,"column":null}},"4":{"start":{"line":15,"column":6},"end":{"line":15,"column":55}},"5":{"start":{"line":15,"column":32},"end":{"line":15,"column":55}},"6":{"start":{"line":18,"column":4},"end":{"line":19,"column":null}},"7":{"start":{"line":19,"column":6},"end":{"line":19,"column":null}},"8":{"start":{"line":22,"column":4},"end":{"line":22,"column":null}}},"fnMap":{"0":{"name":"(anonymous_0)","decl":{"start":{"line":6,"column":2},"end":{"line":6,"column":null}},"loc":{"start":{"line":9,"column":4},"end":{"line":8,"column":null}},"line":9},"1":{"name":"(anonymous_1)","decl":{"start":{"line":11,"column":8},"end":{"line":11,"column":16}},"loc":{"start":{"line":11,"column":43},"end":{"line":22,"column":null}},"line":11},"2":{"name":"(anonymous_2)","decl":{"start":{"line":14,"column":33},"end":{"line":14,"column":39}},"loc":{"start":{"line":15,"column":6},"end":{"line":15,"column":55}},"line":15},"3":{"name":"(anonymous_3)","decl":{"start":{"line":15,"column":17},"end":{"line":15,"column":23}},"loc":{"start":{"line":15,"column":32},"end":{"line":15,"column":55}},"line":15}},"branchMap":{"0":{"loc":{"start":{"line":18,"column":4},"end":{"line":19,"column":null}},"type":"if","locations":[{"start":{"line":18,"column":4},"end":{"line":19,"column":null}},{"start":{},"end":{}}],"line":18}},"s":{"0":6,"1":6,"2":2,"3":2,"4":1,"5":1,"6":2,"7":1,"8":1},"f":{"0":6,"1":2,"2":1,"3":1},"b":{"0":[1,1]},"meta":{"lastBranch":1,"lastFunction":4,"lastStatement":9,"seen":{"f:6:2:6:Infinity":0,"s:7:21:7:Infinity":0,"s:8:21:8:Infinity":1,"f:11:8:11:16":1,"s:13:18:13:86":2,"s:14:21:15:Infinity":3,"f:14:33:14:39":2,"s:15:6:15:55":4,"f:15:17:15:23":3,"s:15:32:15:55":5,"b:18:4:19:Infinity:undefined:undefined:undefined:undefined":0,"s:18:4:19:Infinity":6,"s:19:6:19:Infinity":7,"s:22:4:22:Infinity":8}}}
,"/home/nataly/Escritorio/proyectos/api/frontend/pos-frontend/src/application/useCases/GenerateInvoiceUseCase.ts": {"path":"/home/nataly/Escritorio/proyectos/api/frontend/pos-frontend/src/application/useCases/GenerateInvoiceUseCase.ts","statementMap":{"0":{"start":{"line":12,"column":31},"end":{"line":12,"column":63}},"1":{"start":{"line":15,"column":17},"end":{"line":15,"column":59}},"2":{"start":{"line":17,"column":4},"end":{"line":18,"column":null}},"3":{"start":{"line":18,"column":6},"end":{"line":18,"column":null}},"4":{"start":{"line":21,"column":4},"end":{"line":26,"column":null}}},"fnMap":{"0":{"name":"(anonymous_0)","decl":{"start":{"line":12,"column":2},"end":{"line":12,"column":14}},"loc":{"start":{"line":12,"column":63},"end":{"line":12,"column":63}},"line":12},"1":{"name":"(anonymous_1)","decl":{"start":{"line":14,"column":8},"end":{"line":14,"column":16}},"loc":{"start":{"line":14,"column":54},"end":{"line":26,"column":null}},"line":14}},"branchMap":{"0":{"loc":{"start":{"line":17,"column":4},"end":{"line":18,"column":null}},"type":"if","locations":[{"start":{"line":17,"column":4},"end":{"line":18,"column":null}},{"start":{},"end":{}}],"line":17}},"s":{"0":8,"1":4,"2":4,"3":2,"4":2},"f":{"0":8,"1":4},"b":{"0":[2,2]},"meta":{"lastBranch":1,"lastFunction":2,"lastStatement":5,"seen":{"f:12:2:12:14":0,"s:12:31:12:63":0,"f:14:8:14:16":1,"s:15:17:15:59":1,"b:17:4:18:Infinity:undefined:undefined:undefined:undefined":0,"s:17:4:18:Infinity":2,"s:18:6:18:Infinity":3,"s:21:4:26:Infinity":4}}}
,"/home/nataly/Escritorio/proyectos/api/frontend/pos-frontend/src/application/useCases/GetCustomersUseCase.ts": {"path":"/home/nataly/Escritorio/proyectos/api/frontend/pos-frontend/src/application/useCases/GetCustomersUseCase.ts","statementMap":{"0":{"start":{"line":17,"column":31},"end":{"line":17,"column":71}},"1":{"start":{"line":20,"column":4},"end":{"line":20,"column":null}}},"fnMap":{"0":{"name":"(anonymous_0)","decl":{"start":{"line":17,"column":2},"end":{"line":17,"column":14}},"loc":{"start":{"line":17,"column":71},"end":{"line":17,"column":71}},"line":17},"1":{"name":"(anonymous_1)","decl":{"start":{"line":19,"column":8},"end":{"line":19,"column":16}},"loc":{"start":{"line":19,"column":81},"end":{"line":20,"column":null}},"line":19}},"branchMap":{},"s":{"0":7,"1":3},"f":{"0":7,"1":3},"b":{},"meta":{"lastBranch":0,"lastFunction":2,"lastStatement":2,"seen":{"f:17:2:17:14":0,"s:17:31:17:71":0,"f:19:8:19:16":1,"s:20:4:20:Infinity":1}}}
,"/home/nataly/Escritorio/proyectos/api/frontend/pos-frontend/src/application/useCases/GetProductsUseCase.ts": {"path":"/home/nataly/Escritorio/proyectos/api/frontend/pos-frontend/src/application/useCases/GetProductsUseCase.ts","statementMap":{"0":{"start":{"line":8,"column":31},"end":{"line":8,"column":69}},"1":{"start":{"line":11,"column":4},"end":{"line":11,"column":null}}},"fnMap":{"0":{"name":"(anonymous_0)","decl":{"start":{"line":8,"column":2},"end":{"line":8,"column":14}},"loc":{"start":{"line":8,"column":69},"end":{"line":8,"column":69}},"line":8},"1":{"name":"(anonymous_1)","decl":{"start":{"line":10,"column":8},"end":{"line":10,"column":16}},"loc":{"start":{"line":10,"column":79},"end":{"line":11,"column":null}},"line":10}},"branchMap":{},"s":{"0":4,"1":0},"f":{"0":4,"1":0},"b":{},"meta":{"lastBranch":0,"lastFunction":2,"lastStatement":2,"seen":{"f:8:2:8:14":0,"s:8:31:8:69":0,"f:10:8:10:16":1,"s:11:4:11:Infinity":1}}}
,"/home/nataly/Escritorio/proyectos/api/frontend/pos-frontend/src/application/useCases/GetSalesHistoryUseCase.ts": {"path":"/home/nataly/Escritorio/proyectos/api/frontend/pos-frontend/src/application/useCases/GetSalesHistoryUseCase.ts","statementMap":{"0":{"start":{"line":18,"column":31},"end":{"line":18,"column":63}},"1":{"start":{"line":21,"column":4},"end":{"line":21,"column":null}}},"fnMap":{"0":{"name":"(anonymous_0)","decl":{"start":{"line":18,"column":2},"end":{"line":18,"column":14}},"loc":{"start":{"line":18,"column":63},"end":{"line":18,"column":63}},"line":18},"1":{"name":"(anonymous_1)","decl":{"start":{"line":20,"column":8},"end":{"line":20,"column":16}},"loc":{"start":{"line":20,"column":73},"end":{"line":21,"column":null}},"line":20}},"branchMap":{},"s":{"0":7,"1":3},"f":{"0":7,"1":3},"b":{},"meta":{"lastBranch":0,"lastFunction":2,"lastStatement":2,"seen":{"f:18:2:18:14":0,"s:18:31:18:63":0,"f:20:8:20:16":1,"s:21:4:21:Infinity":1}}}
,"/home/nataly/Escritorio/proyectos/api/frontend/pos-frontend/src/application/useCases/HoldSaleUseCase.ts": {"path":"/home/nataly/Escritorio/proyectos/api/frontend/pos-frontend/src/application/useCases/HoldSaleUseCase.ts","statementMap":{"0":{"start":{"line":6,"column":29},"end":{"line":6,"column":null}},"1":{"start":{"line":8,"column":31},"end":{"line":8,"column":63}},"2":{"start":{"line":11,"column":17},"end":{"line":11,"column":59}},"3":{"start":{"line":13,"column":4},"end":{"line":14,"column":null}},"4":{"start":{"line":14,"column":6},"end":{"line":14,"column":null}},"5":{"start":{"line":18,"column":19},"end":{"line":18,"column":65}},"6":{"start":{"line":19,"column":25},"end":{"line":19,"column":69}},"7":{"start":{"line":21,"column":26},"end":{"line":21,"column":64}},"8":{"start":{"line":21,"column":48},"end":{"line":21,"column":64}},"9":{"start":{"line":22,"column":4},"end":{"line":25,"column":null}},"10":{"start":{"line":23,"column":6},"end":{"line":23,"column":null}},"11":{"start":{"line":25,"column":6},"end":{"line":25,"column":null}},"12":{"start":{"line":28,"column":4},"end":{"line":28,"column":null}},"13":{"start":{"line":30,"column":4},"end":{"line":30,"column":null}}},"fnMap":{"0":{"name":"(anonymous_0)","decl":{"start":{"line":8,"column":2},"end":{"line":8,"column":14}},"loc":{"start":{"line":8,"column":63},"end":{"line":8,"column":63}},"line":8},"1":{"name":"(anonymous_1)","decl":{"start":{"line":10,"column":8},"end":{"line":10,"column":16}},"loc":{"start":{"line":10,"column":47},"end":{"line":30,"column":null}},"line":10},"2":{"name":"(anonymous_2)","decl":{"start":{"line":21,"column":31},"end":{"line":21,"column":42}},"loc":{"start":{"line":21,"column":48},"end":{"line":21,"column":64}},"line":21}},"branchMap":{"0":{"loc":{"start":{"line":13,"column":4},"end":{"line":14,"column":null}},"type":"if","locations":[{"start":{"line":13,"column":4},"end":{"line":14,"column":null}},{"start":{},"end":{}}],"line":13},"1":{"loc":{"start":{"line":19,"column":25},"end":{"line":19,"column":69}},"type":"cond-expr","locations":[{"start":{"line":19,"column":35},"end":{"line":19,"column":53}},{"start":{"line":19,"column":67},"end":{"line":19,"column":69}}],"line":19},"2":{"loc":{"start":{"line":22,"column":4},"end":{"line":25,"column":null}},"type":"if","locations":[{"start":{"line":22,"column":4},"end":{"line":25,"column":null}},{"start":{"line":24,"column":11},"end":{"line":25,"column":null}}],"line":22}},"s":{"0":5,"1":13,"2":9,"3":9,"4":2,"5":7,"6":7,"7":9,"8":2,"9":9,"10":1,"11":6,"12":7,"13":7},"f":{"0":13,"1":9,"2":2},"b":{"0":[2,7],"1":[2,5],"2":[1,6]},"meta":{"lastBranch":3,"lastFunction":3,"lastStatement":14,"seen":{"s:6:29:6:Infinity":0,"f:8:2:8:14":0,"s:8:31:8:63":1,"f:10:8:10:16":1,"s:11:17:11:59":2,"b:13:4:14:Infinity:undefined:undefined:undefined:undefined":0,"s:13:4:14:Infinity":3,"s:14:6:14:Infinity":4,"s:18:19:18:65":5,"s:19:25:19:69":6,"b:19:35:19:53:19:67:19:69":1,"s:21:26:21:64":7,"f:21:31:21:42":2,"s:21:48:21:64":8,"b:22:4:25:Infinity:24:11:25:Infinity":2,"s:22:4:25:Infinity":9,"s:23:6:23:Infinity":10,"s:25:6:25:Infinity":11,"s:28:4:28:Infinity":12,"s:30:4:30:Infinity":13}}}
,"/home/nataly/Escritorio/proyectos/api/frontend/pos-frontend/src/application/useCases/ProcessSaleUseCase.ts": {"path":"/home/nataly/Escritorio/proyectos/api/frontend/pos-frontend/src/application/useCases/ProcessSaleUseCase.ts","statementMap":{"0":{"start":{"line":18,"column":21},"end":{"line":18,"column":null}},"1":{"start":{"line":19,"column":21},"end":{"line":19,"column":null}},"2":{"start":{"line":20,"column":21},"end":{"line":20,"column":null}},"3":{"start":{"line":25,"column":17},"end":{"line":25,"column":67}},"4":{"start":{"line":27,"column":4},"end":{"line":28,"column":null}},"5":{"start":{"line":28,"column":6},"end":{"line":28,"column":null}},"6":{"start":{"line":32,"column":26},"end":{"line":32,"column":95}},"7":{"start":{"line":34,"column":4},"end":{"line":35,"column":null}},"8":{"start":{"line":35,"column":6},"end":{"line":35,"column":null}},"9":{"start":{"line":39,"column":17},"end":{"line":44,"column":6}},"10":{"start":{"line":47,"column":4},"end":{"line":47,"column":null}},"11":{"start":{"line":49,"column":4},"end":{"line":49,"column":null}}},"fnMap":{"0":{"name":"(anonymous_0)","decl":{"start":{"line":17,"column":2},"end":{"line":17,"column":null}},"loc":{"start":{"line":21,"column":4},"end":{"line":20,"column":null}},"line":21},"1":{"name":"(anonymous_1)","decl":{"start":{"line":23,"column":8},"end":{"line":23,"column":16}},"loc":{"start":{"line":23,"column":60},"end":{"line":49,"column":null}},"line":23}},"branchMap":{"0":{"loc":{"start":{"line":27,"column":4},"end":{"line":28,"column":null}},"type":"if","locations":[{"start":{"line":27,"column":4},"end":{"line":28,"column":null}},{"start":{},"end":{}}],"line":27},"1":{"loc":{"start":{"line":34,"column":4},"end":{"line":35,"column":null}},"type":"if","locations":[{"start":{"line":34,"column":4},"end":{"line":35,"column":null}},{"start":{},"end":{}}],"line":34},"2":{"loc":{"start":{"line":35,"column":22},"end":{"line":35,"column":73}},"type":"binary-expr","locations":[{"start":{"line":35,"column":22},"end":{"line":35,"column":45}},{"start":{"line":35,"column":45},"end":{"line":35,"column":73}}],"line":35}},"s":{"0":10,"1":10,"2":10,"3":6,"4":6,"5":1,"6":5,"7":5,"8":1,"9":4,"10":4,"11":4},"f":{"0":10,"1":6},"b":{"0":[1,5],"1":[1,4],"2":[1,0]},"meta":{"lastBranch":3,"lastFunction":2,"lastStatement":12,"seen":{"f:17:2:17:Infinity":0,"s:18:21:18:Infinity":0,"s:19:21:19:Infinity":1,"s:20:21:20:Infinity":2,"f:23:8:23:16":1,"s:25:17:25:67":3,"b:27:4:28:Infinity:undefined:undefined:undefined:undefined":0,"s:27:4:28:Infinity":4,"s:28:6:28:Infinity":5,"s:32:26:32:95":6,"b:34:4:35:Infinity:undefined:undefined:undefined:undefined":1,"s:34:4:35:Infinity":7,"s:35:6:35:Infinity":8,"b:35:22:35:45:35:45:35:73":2,"s:39:17:44:6":9,"s:47:4:47:Infinity":10,"s:49:4:49:Infinity":11}}}
,"/home/nataly/Escritorio/proyectos/api/frontend/pos-frontend/src/application/useCases/RefundSaleUseCase.ts": {"path":"/home/nataly/Escritorio/proyectos/api/frontend/pos-frontend/src/application/useCases/RefundSaleUseCase.ts","statementMap":{"0":{"start":{"line":14,"column":31},"end":{"line":14,"column":63}},"1":{"start":{"line":17,"column":17},"end":{"line":17,"column":59}},"2":{"start":{"line":19,"column":4},"end":{"line":20,"column":null}},"3":{"start":{"line":20,"column":6},"end":{"line":20,"column":null}},"4":{"start":{"line":24,"column":4},"end":{"line":24,"column":null}}},"fnMap":{"0":{"name":"(anonymous_0)","decl":{"start":{"line":14,"column":2},"end":{"line":14,"column":14}},"loc":{"start":{"line":14,"column":63},"end":{"line":14,"column":63}},"line":14},"1":{"name":"(anonymous_1)","decl":{"start":{"line":16,"column":8},"end":{"line":16,"column":16}},"loc":{"start":{"line":16,"column":47},"end":{"line":24,"column":null}},"line":16}},"branchMap":{"0":{"loc":{"start":{"line":19,"column":4},"end":{"line":20,"column":null}},"type":"if","locations":[{"start":{"line":19,"column":4},"end":{"line":20,"column":null}},{"start":{},"end":{}}],"line":19}},"s":{"0":8,"1":4,"2":4,"3":3,"4":1},"f":{"0":8,"1":4},"b":{"0":[3,1]},"meta":{"lastBranch":1,"lastFunction":2,"lastStatement":5,"seen":{"f:14:2:14:14":0,"s:14:31:14:63":0,"f:16:8:16:16":1,"s:17:17:17:59":1,"b:19:4:20:Infinity:undefined:undefined:undefined:undefined":0,"s:19:4:20:Infinity":2,"s:20:6:20:Infinity":3,"s:24:4:24:Infinity":4}}}
,"/home/nataly/Escritorio/proyectos/api/frontend/pos-frontend/src/application/useCases/RemoveFromCartUseCase.ts": {"path":"/home/nataly/Escritorio/proyectos/api/frontend/pos-frontend/src/application/useCases/RemoveFromCartUseCase.ts","statementMap":{"0":{"start":{"line":6,"column":31},"end":{"line":6,"column":63}},"1":{"start":{"line":9,"column":4},"end":{"line":9,"column":null}}},"fnMap":{"0":{"name":"(anonymous_0)","decl":{"start":{"line":6,"column":2},"end":{"line":6,"column":14}},"loc":{"start":{"line":6,"column":63},"end":{"line":6,"column":63}},"line":6},"1":{"name":"(anonymous_1)","decl":{"start":{"line":8,"column":8},"end":{"line":8,"column":16}},"loc":{"start":{"line":8,"column":63},"end":{"line":9,"column":null}},"line":8}},"branchMap":{},"s":{"0":4,"1":0},"f":{"0":4,"1":0},"b":{},"meta":{"lastBranch":0,"lastFunction":2,"lastStatement":2,"seen":{"f:6:2:6:14":0,"s:6:31:6:63":0,"f:8:8:8:16":1,"s:9:4:9:Infinity":1}}}
,"/home/nataly/Escritorio/proyectos/api/frontend/pos-frontend/src/application/useCases/SearchCustomersUseCase.ts": {"path":"/home/nataly/Escritorio/proyectos/api/frontend/pos-frontend/src/application/useCases/SearchCustomersUseCase.ts","statementMap":{"0":{"start":{"line":13,"column":31},"end":{"line":13,"column":71}},"1":{"start":{"line":16,"column":4},"end":{"line":17,"column":null}},"2":{"start":{"line":17,"column":6},"end":{"line":17,"column":null}},"3":{"start":{"line":20,"column":4},"end":{"line":20,"column":null}}},"fnMap":{"0":{"name":"(anonymous_0)","decl":{"start":{"line":13,"column":2},"end":{"line":13,"column":14}},"loc":{"start":{"line":13,"column":71},"end":{"line":13,"column":71}},"line":13},"1":{"name":"(anonymous_1)","decl":{"start":{"line":15,"column":8},"end":{"line":15,"column":16}},"loc":{"start":{"line":15,"column":69},"end":{"line":20,"column":null}},"line":15}},"branchMap":{"0":{"loc":{"start":{"line":16,"column":4},"end":{"line":17,"column":null}},"type":"if","locations":[{"start":{"line":16,"column":4},"end":{"line":17,"column":null}},{"start":{},"end":{}}],"line":16},"1":{"loc":{"start":{"line":16,"column":8},"end":{"line":16,"column":45}},"type":"binary-expr","locations":[{"start":{"line":16,"column":8},"end":{"line":16,"column":18}},{"start":{"line":16,"column":18},"end":{"line":16,"column":45}}],"line":16}},"s":{"0":8,"1":4,"2":2,"3":2},"f":{"0":8,"1":4},"b":{"0":[2,2],"1":[4,3]},"meta":{"lastBranch":2,"lastFunction":2,"lastStatement":4,"seen":{"f:13:2:13:14":0,"s:13:31:13:71":0,"f:15:8:15:16":1,"b:16:4:17:Infinity:undefined:undefined:undefined:undefined":0,"s:16:4:17:Infinity":1,"b:16:8:16:18:16:18:16:45":1,"s:17:6:17:Infinity":2,"s:20:4:20:Infinity":3}}}
,"/home/nataly/Escritorio/proyectos/api/frontend/pos-frontend/src/application/useCases/SearchProductsUseCase.ts": {"path":"/home/nataly/Escritorio/proyectos/api/frontend/pos-frontend/src/application/useCases/SearchProductsUseCase.ts","statementMap":{"0":{"start":{"line":6,"column":31},"end":{"line":6,"column":69}},"1":{"start":{"line":9,"column":19},"end":{"line":9,"column":88}},"2":{"start":{"line":10,"column":4},"end":{"line":10,"column":null}}},"fnMap":{"0":{"name":"(anonymous_0)","decl":{"start":{"line":6,"column":2},"end":{"line":6,"column":14}},"loc":{"start":{"line":6,"column":69},"end":{"line":6,"column":69}},"line":6},"1":{"name":"(anonymous_1)","decl":{"start":{"line":8,"column":8},"end":{"line":8,"column":16}},"loc":{"start":{"line":8,"column":51},"end":{"line":10,"column":null}},"line":8}},"branchMap":{},"s":{"0":4,"1":0,"2":0},"f":{"0":4,"1":0},"b":{},"meta":{"lastBranch":0,"lastFunction":2,"lastStatement":3,"seen":{"f:6:2:6:14":0,"s:6:31:6:69":0,"f:8:8:8:16":1,"s:9:19:9:88":1,"s:10:4:10:Infinity":2}}}
,"/home/nataly/Escritorio/proyectos/api/frontend/pos-frontend/src/application/useCases/UpdateCartItemUseCase.ts": {"path":"/home/nataly/Escritorio/proyectos/api/frontend/pos-frontend/src/application/useCases/UpdateCartItemUseCase.ts","statementMap":{"0":{"start":{"line":9,"column":21},"end":{"line":9,"column":null}},"1":{"start":{"line":10,"column":21},"end":{"line":10,"column":null}},"2":{"start":{"line":14,"column":17},"end":{"line":14,"column":59}},"3":{"start":{"line":15,"column":17},"end":{"line":15,"column":56}},"4":{"start":{"line":15,"column":40},"end":{"line":15,"column":56}},"5":{"start":{"line":16,"column":4},"end":{"line":16,"column":null}},"6":{"start":{"line":16,"column":15},"end":{"line":16,"column":null}},"7":{"start":{"line":18,"column":20},"end":{"line":18,"column":74}},"8":{"start":{"line":20,"column":21},"end":{"line":20,"column":null}},"9":{"start":{"line":20,"column":64},"end":{"line":20,"column":82}},"10":{"start":{"line":21,"column":23},"end":{"line":21,"column":83}},"11":{"start":{"line":22,"column":4},"end":{"line":23,"column":null}},"12":{"start":{"line":23,"column":6},"end":{"line":23,"column":null}},"13":{"start":{"line":26,"column":4},"end":{"line":26,"column":null}},"14":{"start":{"line":27,"column":4},"end":{"line":27,"column":null}}},"fnMap":{"0":{"name":"(anonymous_0)","decl":{"start":{"line":8,"column":2},"end":{"line":8,"column":null}},"loc":{"start":{"line":11,"column":4},"end":{"line":10,"column":null}},"line":11},"1":{"name":"(anonymous_1)","decl":{"start":{"line":13,"column":8},"end":{"line":13,"column":16}},"loc":{"start":{"line":13,"column":81},"end":{"line":27,"column":null}},"line":13},"2":{"name":"(anonymous_2)","decl":{"start":{"line":15,"column":28},"end":{"line":15,"column":34}},"loc":{"start":{"line":15,"column":40},"end":{"line":15,"column":56}},"line":15},"3":{"name":"(anonymous_3)","decl":{"start":{"line":20,"column":50},"end":{"line":20,"column":58}},"loc":{"start":{"line":20,"column":64},"end":{"line":20,"column":82}},"line":20}},"branchMap":{"0":{"loc":{"start":{"line":16,"column":4},"end":{"line":16,"column":null}},"type":"if","locations":[{"start":{"line":16,"column":4},"end":{"line":16,"column":null}},{"start":{},"end":{}}],"line":16},"1":{"loc":{"start":{"line":22,"column":4},"end":{"line":23,"column":null}},"type":"if","locations":[{"start":{"line":22,"column":4},"end":{"line":23,"column":null}},{"start":{},"end":{}}],"line":22}},"s":{"0":7,"1":7,"2":3,"3":3,"4":3,"5":3,"6":1,"7":2,"8":2,"9":2,"10":2,"11":2,"12":1,"13":1,"14":1},"f":{"0":7,"1":3,"2":3,"3":2},"b":{"0":[1,2],"1":[1,1]},"meta":{"lastBranch":2,"lastFunction":4,"lastStatement":15,"seen":{"f:8:2:8:Infinity":0,"s:9:21:9:Infinity":0,"s:10:21:10:Infinity":1,"f:13:8:13:16":1,"s:14:17:14:59":2,"s:15:17:15:56":3,"f:15:28:15:34":2,"s:15:40:15:56":4,"b:16:4:16:Infinity:undefined:undefined:undefined:undefined":0,"s:16:4:16:Infinity":5,"s:16:15:16:Infinity":6,"s:18:20:18:74":7,"s:20:21:20:Infinity":8,"f:20:50:20:58":3,"s:20:64:20:82":9,"s:21:23:21:83":10,"b:22:4:23:Infinity:undefined:undefined:undefined:undefined":1,"s:22:4:23:Infinity":11,"s:23:6:23:Infinity":12,"s:26:4:26:Infinity":13,"s:27:4:27:Infinity":14}}}
,"/home/nataly/Escritorio/proyectos/api/frontend/pos-frontend/src/application/useCases/UpdateCustomerUseCase.ts": {"path":"/home/nataly/Escritorio/proyectos/api/frontend/pos-frontend/src/application/useCases/UpdateCustomerUseCase.ts","statementMap":{"0":{"start":{"line":15,"column":31},"end":{"line":15,"column":71}},"1":{"start":{"line":19,"column":21},"end":{"line":19,"column":63}},"2":{"start":{"line":22,"column":30},"end":{"line":30,"column":null}},"3":{"start":{"line":33,"column":4},"end":{"line":41,"column":null}}},"fnMap":{"0":{"name":"(anonymous_0)","decl":{"start":{"line":15,"column":2},"end":{"line":15,"column":14}},"loc":{"start":{"line":15,"column":71},"end":{"line":15,"column":71}},"line":15},"1":{"name":"(anonymous_1)","decl":{"start":{"line":17,"column":8},"end":{"line":17,"column":16}},"loc":{"start":{"line":17,"column":79},"end":{"line":41,"column":null}},"line":17}},"branchMap":{"0":{"loc":{"start":{"line":24,"column":10},"end":{"line":24,"column":62}},"type":"binary-expr","locations":[{"start":{"line":24,"column":10},"end":{"line":24,"column":40}},{"start":{"line":24,"column":40},"end":{"line":24,"column":62}}],"line":24},"1":{"loc":{"start":{"line":25,"column":10},"end":{"line":25,"column":65}},"type":"binary-expr","locations":[{"start":{"line":25,"column":10},"end":{"line":25,"column":41}},{"start":{"line":25,"column":41},"end":{"line":25,"column":65}}],"line":25},"2":{"loc":{"start":{"line":26,"column":10},"end":{"line":26,"column":65}},"type":"binary-expr","locations":[{"start":{"line":26,"column":10},"end":{"line":26,"column":41}},{"start":{"line":26,"column":41},"end":{"line":26,"column":65}}],"line":26},"3":{"loc":{"start":{"line":27,"column":10},"end":{"line":27,"column":71}},"type":"binary-expr","locations":[{"start":{"line":27,"column":10},"end":{"line":27,"column":43}},{"start":{"line":27,"column":43},"end":{"line":27,"column":71}}],"line":27},"4":{"loc":{"start":{"line":28,"column":10},"end":{"line":28,"column":83}},"type":"binary-expr","locations":[{"start":{"line":28,"column":10},"end":{"line":28,"column":47}},{"start":{"line":28,"column":47},"end":{"line":28,"column":83}}],"line":28},"5":{"loc":{"start":{"line":29,"column":10},"end":{"line":29,"column":null}},"type":"binary-expr","locations":[{"start":{"line":29,"column":10},"end":{"line":29,"column":44}},{"start":{"line":29,"column":44},"end":{"line":29,"column":null}}],"line":29}},"s":{"0":4,"1":0,"2":0,"3":0},"f":{"0":4,"1":0},"b":{"0":[0,0],"1":[0,0],"2":[0,0],"3":[0,0],"4":[0,0],"5":[0,0]},"meta":{"lastBranch":6,"lastFunction":2,"lastStatement":4,"seen":{"f:15:2:15:14":0,"s:15:31:15:71":0,"f:17:8:17:16":1,"s:19:21:19:63":1,"s:22:30:30:Infinity":2,"b:24:10:24:40:24:40:24:62":0,"b:25:10:25:41:25:41:25:65":1,"b:26:10:26:41:26:41:26:65":2,"b:27:10:27:43:27:43:27:71":3,"b:28:10:28:47:28:47:28:83":4,"b:29:10:29:44:29:44:29:Infinity":5,"s:33:4:41:Infinity":3}}}
,"/home/nataly/Escritorio/proyectos/api/frontend/pos-frontend/src/application/useCases/UpdateProductUseCase.ts": {"path":"/home/nataly/Escritorio/proyectos/api/frontend/pos-frontend/src/application/useCases/UpdateProductUseCase.ts","statementMap":{"0":{"start":{"line":7,"column":31},"end":{"line":7,"column":69}},"1":{"start":{"line":10,"column":4},"end":{"line":13,"column":null}},"2":{"start":{"line":11,"column":30},"end":{"line":11,"column":77}},"3":{"start":{"line":12,"column":6},"end":{"line":13,"column":null}},"4":{"start":{"line":13,"column":8},"end":{"line":13,"column":null}},"5":{"start":{"line":17,"column":4},"end":{"line":20,"column":null}},"6":{"start":{"line":18,"column":30},"end":{"line":18,"column":95}},"7":{"start":{"line":19,"column":6},"end":{"line":20,"column":null}},"8":{"start":{"line":20,"column":8},"end":{"line":20,"column":null}},"9":{"start":{"line":24,"column":4},"end":{"line":24,"column":null}}},"fnMap":{"0":{"name":"(anonymous_0)","decl":{"start":{"line":7,"column":2},"end":{"line":7,"column":14}},"loc":{"start":{"line":7,"column":69},"end":{"line":7,"column":69}},"line":7},"1":{"name":"(anonymous_1)","decl":{"start":{"line":9,"column":8},"end":{"line":9,"column":16}},"loc":{"start":{"line":9,"column":77},"end":{"line":24,"column":null}},"line":9}},"branchMap":{"0":{"loc":{"start":{"line":10,"column":4},"end":{"line":13,"column":null}},"type":"if","locations":[{"start":{"line":10,"column":4},"end":{"line":13,"column":null}},{"start":{},"end":{}}],"line":10},"1":{"loc":{"start":{"line":12,"column":6},"end":{"line":13,"column":null}},"type":"if","locations":[{"start":{"line":12,"column":6},"end":{"line":13,"column":null}},{"start":{},"end":{}}],"line":12},"2":{"loc":{"start":{"line":17,"column":4},"end":{"line":20,"column":null}},"type":"if","locations":[{"start":{"line":17,"column":4},"end":{"line":20,"column":null}},{"start":{},"end":{}}],"line":17},"3":{"loc":{"start":{"line":17,"column":8},"end":{"line":17,"column":71}},"type":"binary-expr","locations":[{"start":{"line":17,"column":8},"end":{"line":17,"column":39}},{"start":{"line":17,"column":39},"end":{"line":17,"column":71}}],"line":17},"4":{"loc":{"start":{"line":19,"column":6},"end":{"line":20,"column":null}},"type":"if","locations":[{"start":{"line":19,"column":6},"end":{"line":20,"column":null}},{"start":{},"end":{}}],"line":19}},"s":{"0":8,"1":4,"2":1,"3":1,"4":1,"5":3,"6":1,"7":1,"8":1,"9":2},"f":{"0":8,"1":4},"b":{"0":[1,3],"1":[1,0],"2":[1,2],"3":[3,1],"4":[1,0]},"meta":{"lastBranch":5,"lastFunction":2,"lastStatement":10,"seen":{"f:7:2:7:14":0,"s:7:31:7:69":0,"f:9:8:9:16":1,"b:10:4:13:Infinity:undefined:undefined:undefined:undefined":0,"s:10:4:13:Infinity":1,"s:11:30:11:77":2,"b:12:6:13:Infinity:undefined:undefined:undefined:undefined":1,"s:12:6:13:Infinity":3,"s:13:8:13:Infinity":4,"b:17:4:20:Infinity:undefined:undefined:undefined:undefined":2,"s:17:4:20:Infinity":5,"b:17:8:17:39:17:39:17:71":3,"s:18:30:18:95":6,"b:19:6:20:Infinity:undefined:undefined:undefined:undefined":4,"s:19:6:20:Infinity":7,"s:20:8:20:Infinity":8,"s:24:4:24:Infinity":9}}}
,"/home/nataly/Escritorio/proyectos/api/frontend/pos-frontend/src/domain/entities/Cart.ts": {"path":"/home/nataly/Escritorio/proyectos/api/frontend/pos-frontend/src/domain/entities/Cart.ts","statementMap":{},"fnMap":{},"branchMap":{},"s":{},"f":{},"b":{},"meta":{"lastBranch":0,"lastFunction":0,"lastStatement":0,"seen":{}}}
,"/home/nataly/Escritorio/proyectos/api/frontend/pos-frontend/src/domain/entities/Category.ts": {"path":"/home/nataly/Escritorio/proyectos/api/frontend/pos-frontend/src/domain/entities/Category.ts","statementMap":{},"fnMap":{},"branchMap":{},"s":{},"f":{},"b":{},"meta":{"lastBranch":0,"lastFunction":0,"lastStatement":0,"seen":{}}}
,"/home/nataly/Escritorio/proyectos/api/frontend/pos-frontend/src/domain/entities/Customer.ts": {"path":"/home/nataly/Escritorio/proyectos/api/frontend/pos-frontend/src/domain/entities/Customer.ts","statementMap":{"0":{"start":{"line":1,"column":7},"end":{"line":5,"column":null}},"1":{"start":{"line":2,"column":2},"end":{"line":2,"column":null}},"2":{"start":{"line":3,"column":2},"end":{"line":3,"column":null}},"3":{"start":{"line":4,"column":2},"end":{"line":4,"column":null}}},"fnMap":{"0":{"name":"(anonymous_0)","decl":{"start":{"line":1,"column":7},"end":{"line":1,"column":12}},"loc":{"start":{"line":1,"column":7},"end":{"line":5,"column":null}},"line":1}},"branchMap":{},"s":{"0":10,"1":10,"2":10,"3":10},"f":{"0":10},"b":{},"meta":{"lastBranch":0,"lastFunction":1,"lastStatement":4,"seen":{"s:1:7:5:Infinity":0,"f:1:7:1:12":0,"s:2:2:2:Infinity":1,"s:3:2:3:Infinity":2,"s:4:2:4:Infinity":3}}}
,"/home/nataly/Escritorio/proyectos/api/frontend/pos-frontend/src/domain/entities/Product.ts": {"path":"/home/nataly/Escritorio/proyectos/api/frontend/pos-frontend/src/domain/entities/Product.ts","statementMap":{},"fnMap":{},"branchMap":{},"s":{},"f":{},"b":{},"meta":{"lastBranch":0,"lastFunction":0,"lastStatement":0,"seen":{}}}
,"/home/nataly/Escritorio/proyectos/api/frontend/pos-frontend/src/domain/entities/Sale.ts": {"path":"/home/nataly/Escritorio/proyectos/api/frontend/pos-frontend/src/domain/entities/Sale.ts","statementMap":{"0":{"start":{"line":3,"column":7},"end":{"line":8,"column":null}},"1":{"start":{"line":4,"column":2},"end":{"line":4,"column":null}},"2":{"start":{"line":5,"column":2},"end":{"line":5,"column":null}},"3":{"start":{"line":6,"column":2},"end":{"line":6,"column":null}},"4":{"start":{"line":7,"column":2},"end":{"line":7,"column":null}},"5":{"start":{"line":10,"column":7},"end":{"line":15,"column":null}},"6":{"start":{"line":11,"column":2},"end":{"line":11,"column":null}},"7":{"start":{"line":12,"column":2},"end":{"line":12,"column":null}},"8":{"start":{"line":13,"column":2},"end":{"line":13,"column":null}},"9":{"start":{"line":14,"column":2},"end":{"line":14,"column":null}}},"fnMap":{"0":{"name":"(anonymous_0)","decl":{"start":{"line":3,"column":7},"end":{"line":3,"column":12}},"loc":{"start":{"line":3,"column":7},"end":{"line":8,"column":null}},"line":3},"1":{"name":"(anonymous_1)","decl":{"start":{"line":10,"column":7},"end":{"line":10,"column":12}},"loc":{"start":{"line":10,"column":7},"end":{"line":15,"column":null}},"line":10}},"branchMap":{},"s":{"0":11,"1":11,"2":11,"3":11,"4":11,"5":11,"6":11,"7":11,"8":11,"9":11},"f":{"0":11,"1":11},"b":{},"meta":{"lastBranch":0,"lastFunction":2,"lastStatement":10,"seen":{"s:3:7:8:Infinity":0,"f:3:7:3:12":0,"s:4:2:4:Infinity":1,"s:5:2:5:Infinity":2,"s:6:2:6:Infinity":3,"s:7:2:7:Infinity":4,"s:10:7:15:Infinity":5,"f:10:7:10:12":1,"s:11:2:11:Infinity":6,"s:12:2:12:Infinity":7,"s:13:2:13:Infinity":8,"s:14:2:14:Infinity":9}}}
,"/home/nataly/Escritorio/proyectos/api/frontend/pos-frontend/src/domain/entities/valueObjects/Money.ts": {"path":"/home/nataly/Escritorio/proyectos/api/frontend/pos-frontend/src/domain/entities/valueObjects/Money.ts","statementMap":{"0":{"start":{"line":5,"column":4},"end":{"line":5,"column":null}},"1":{"start":{"line":9,"column":4},"end":{"line":9,"column":null}},"2":{"start":{"line":13,"column":4},"end":{"line":13,"column":null}},"3":{"start":{"line":17,"column":4},"end":{"line":17,"column":null}},"4":{"start":{"line":21,"column":4},"end":{"line":21,"column":null}},"5":{"start":{"line":25,"column":4},"end":{"line":25,"column":null}},"6":{"start":{"line":29,"column":4},"end":{"line":29,"column":null}},"7":{"start":{"line":33,"column":4},"end":{"line":33,"column":null}},"8":{"start":{"line":37,"column":4},"end":{"line":37,"column":null}}},"fnMap":{"0":{"name":"(anonymous_0)","decl":{"start":{"line":4,"column":2},"end":{"line":4,"column":14}},"loc":{"start":{"line":4,"column":30},"end":{"line":5,"column":null}},"line":4},"1":{"name":"(anonymous_1)","decl":{"start":{"line":8,"column":6},"end":{"line":8,"column":22}},"loc":{"start":{"line":8,"column":22},"end":{"line":9,"column":null}},"line":8},"2":{"name":"(anonymous_2)","decl":{"start":{"line":12,"column":2},"end":{"line":12,"column":6}},"loc":{"start":{"line":12,"column":27},"end":{"line":13,"column":null}},"line":12},"3":{"name":"(anonymous_3)","decl":{"start":{"line":16,"column":2},"end":{"line":16,"column":11}},"loc":{"start":{"line":16,"column":32},"end":{"line":17,"column":null}},"line":16},"4":{"name":"(anonymous_4)","decl":{"start":{"line":20,"column":2},"end":{"line":20,"column":11}},"loc":{"start":{"line":20,"column":34},"end":{"line":21,"column":null}},"line":20},"5":{"name":"(anonymous_5)","decl":{"start":{"line":24,"column":2},"end":{"line":24,"column":16}},"loc":{"start":{"line":24,"column":39},"end":{"line":25,"column":null}},"line":24},"6":{"name":"(anonymous_6)","decl":{"start":{"line":28,"column":2},"end":{"line":28,"column":13}},"loc":{"start":{"line":28,"column":36},"end":{"line":29,"column":null}},"line":28},"7":{"name":"(anonymous_7)","decl":{"start":{"line":32,"column":2},"end":{"line":32,"column":9}},"loc":{"start":{"line":32,"column":32},"end":{"line":33,"column":null}},"line":32},"8":{"name":"(anonymous_8)","decl":{"start":{"line":36,"column":2},"end":{"line":36,"column":21}},"loc":{"start":{"line":36,"column":21},"end":{"line":37,"column":null}},"line":36}},"branchMap":{},"s":{"0":21,"1":6,"2":1,"3":1,"4":1,"5":2,"6":1,"7":2,"8":1},"f":{"0":21,"1":6,"2":1,"3":1,"4":1,"5":2,"6":1,"7":2,"8":1},"b":{},"meta":{"lastBranch":0,"lastFunction":9,"lastStatement":9,"seen":{"f:4:2:4:14":0,"s:5:4:5:Infinity":0,"f:8:6:8:22":1,"s:9:4:9:Infinity":1,"f:12:2:12:6":2,"s:13:4:13:Infinity":2,"f:16:2:16:11":3,"s:17:4:17:Infinity":3,"f:20:2:20:11":4,"s:21:4:21:Infinity":4,"f:24:2:24:16":5,"s:25:4:25:Infinity":5,"f:28:2:28:13":6,"s:29:4:29:Infinity":6,"f:32:2:32:9":7,"s:33:4:33:Infinity":7,"f:36:2:36:21":8,"s:37:4:37:Infinity":8}}}
,"/home/nataly/Escritorio/proyectos/api/frontend/pos-frontend/src/domain/entities/valueObjects/Quantity.ts": {"path":"/home/nataly/Escritorio/proyectos/api/frontend/pos-frontend/src/domain/entities/valueObjects/Quantity.ts","statementMap":{"0":{"start":{"line":3,"column":21},"end":{"line":3,"column":null}},"1":{"start":{"line":4,"column":21},"end":{"line":4,"column":null}},"2":{"start":{"line":5,"column":21},"end":{"line":5,"column":null}},"3":{"start":{"line":9,"column":4},"end":{"line":9,"column":null}},"4":{"start":{"line":9,"column":34},"end":{"line":9,"column":null}},"5":{"start":{"line":10,"column":4},"end":{"line":10,"column":null}},"6":{"start":{"line":10,"column":21},"end":{"line":10,"column":null}},"7":{"start":{"line":11,"column":4},"end":{"line":11,"column":null}},"8":{"start":{"line":11,"column":21},"end":{"line":11,"column":null}},"9":{"start":{"line":12,"column":4},"end":{"line":12,"column":null}},"10":{"start":{"line":16,"column":4},"end":{"line":16,"column":null}},"11":{"start":{"line":20,"column":4},"end":{"line":20,"column":null}},"12":{"start":{"line":24,"column":4},"end":{"line":24,"column":null}},"13":{"start":{"line":28,"column":4},"end":{"line":28,"column":null}}},"fnMap":{"0":{"name":"(anonymous_0)","decl":{"start":{"line":2,"column":2},"end":{"line":2,"column":10}},"loc":{"start":{"line":6,"column":4},"end":{"line":5,"column":null}},"line":6},"1":{"name":"(anonymous_1)","decl":{"start":{"line":8,"column":9},"end":{"line":8,"column":16}},"loc":{"start":{"line":8,"column":62},"end":{"line":12,"column":null}},"line":8},"2":{"name":"(anonymous_2)","decl":{"start":{"line":15,"column":6},"end":{"line":15,"column":23}},"loc":{"start":{"line":15,"column":23},"end":{"line":16,"column":null}},"line":15},"3":{"name":"(anonymous_3)","decl":{"start":{"line":19,"column":2},"end":{"line":19,"column":24}},"loc":{"start":{"line":19,"column":24},"end":{"line":20,"column":null}},"line":19},"4":{"name":"(anonymous_4)","decl":{"start":{"line":23,"column":2},"end":{"line":23,"column":24}},"loc":{"start":{"line":23,"column":24},"end":{"line":24,"column":null}},"line":23},"5":{"name":"(anonymous_5)","decl":{"start":{"line":27,"column":2},"end":{"line":27,"column":9}},"loc":{"start":{"line":27,"column":35},"end":{"line":28,"column":null}},"line":27}},"branchMap":{"0":{"loc":{"start":{"line":8,"column":31},"end":{"line":8,"column":40}},"type":"default-arg","locations":[{"start":{"line":8,"column":37},"end":{"line":8,"column":40}}],"line":8},"1":{"loc":{"start":{"line":8,"column":40},"end":{"line":8,"column":62}},"type":"default-arg","locations":[{"start":{"line":8,"column":46},"end":{"line":8,"column":62}}],"line":8},"2":{"loc":{"start":{"line":9,"column":4},"end":{"line":9,"column":null}},"type":"if","locations":[{"start":{"line":9,"column":4},"end":{"line":9,"column":null}},{"start":{},"end":{}}],"line":9},"3":{"loc":{"start":{"line":10,"column":4},"end":{"line":10,"column":null}},"type":"if","locations":[{"start":{"line":10,"column":4},"end":{"line":10,"column":null}},{"start":{},"end":{}}],"line":10},"4":{"loc":{"start":{"line":11,"column":4},"end":{"line":11,"column":null}},"type":"if","locations":[{"start":{"line":11,"column":4},"end":{"line":11,"column":null}},{"start":{},"end":{}}],"line":11}},"s":{"0":13,"1":13,"2":13,"3":19,"4":1,"5":18,"6":18,"7":15,"8":15,"9":13,"10":6,"11":1,"12":2,"13":2},"f":{"0":13,"1":1,"2":6,"3":1,"4":2,"5":2},"b":{"0":[19],"1":[19],"2":[1,18],"3":[3,15],"4":[2,13]},"meta":{"lastBranch":5,"lastFunction":6,"lastStatement":14,"seen":{"f:2:2:2:10":0,"s:3:21:3:Infinity":0,"s:4:21:4:Infinity":1,"s:5:21:5:Infinity":2,"f:8:9:8:16":1,"b:8:37:8:40":0,"b:8:46:8:62":1,"b:9:4:9:Infinity:undefined:undefined:undefined:undefined":2,"s:9:4:9:Infinity":3,"s:9:34:9:Infinity":4,"b:10:4:10:Infinity:undefined:undefined:undefined:undefined":3,"s:10:4:10:Infinity":5,"s:10:21:10:Infinity":6,"b:11:4:11:Infinity:undefined:undefined:undefined:undefined":4,"s:11:4:11:Infinity":7,"s:11:21:11:Infinity":8,"s:12:4:12:Infinity":9,"f:15:6:15:23":2,"s:16:4:16:Infinity":10,"f:19:2:19:24":3,"s:20:4:20:Infinity":11,"f:23:2:23:24":4,"s:24:4:24:Infinity":12,"f:27:2:27:9":5,"s:28:4:28:Infinity":13}}}
,"/home/nataly/Escritorio/proyectos/api/frontend/pos-frontend/src/domain/entities/valueObjects/SKU.ts": {"path":"/home/nataly/Escritorio/proyectos/api/frontend/pos-frontend/src/domain/entities/valueObjects/SKU.ts","statementMap":{"0":{"start":{"line":2,"column":36},"end":{"line":2,"column":null}},"1":{"start":{"line":4,"column":39},"end":{"line":4,"column":54}},"2":{"start":{"line":7,"column":23},"end":{"line":7,"column":49}},"3":{"start":{"line":8,"column":4},"end":{"line":9,"column":null}},"4":{"start":{"line":9,"column":6},"end":{"line":9,"column":null}},"5":{"start":{"line":11,"column":4},"end":{"line":11,"column":null}},"6":{"start":{"line":15,"column":4},"end":{"line":15,"column":null}},"7":{"start":{"line":19,"column":4},"end":{"line":19,"column":null}}},"fnMap":{"0":{"name":"(anonymous_0)","decl":{"start":{"line":4,"column":2},"end":{"line":4,"column":10}},"loc":{"start":{"line":4,"column":54},"end":{"line":4,"column":54}},"line":4},"1":{"name":"(anonymous_1)","decl":{"start":{"line":6,"column":9},"end":{"line":6,"column":16}},"loc":{"start":{"line":6,"column":36},"end":{"line":11,"column":null}},"line":6},"2":{"name":"(anonymous_2)","decl":{"start":{"line":14,"column":9},"end":{"line":14,"column":17}},"loc":{"start":{"line":14,"column":41},"end":{"line":15,"column":null}},"line":14},"3":{"name":"(anonymous_3)","decl":{"start":{"line":18,"column":2},"end":{"line":18,"column":21}},"loc":{"start":{"line":18,"column":21},"end":{"line":19,"column":null}},"line":18}},"branchMap":{"0":{"loc":{"start":{"line":8,"column":4},"end":{"line":9,"column":null}},"type":"if","locations":[{"start":{"line":8,"column":4},"end":{"line":9,"column":null}},{"start":{},"end":{}}],"line":8}},"s":{"0":1,"1":4,"2":7,"3":7,"4":3,"5":4,"6":2,"7":4},"f":{"0":4,"1":1,"2":1,"3":4},"b":{"0":[3,4]},"meta":{"lastBranch":1,"lastFunction":4,"lastStatement":8,"seen":{"s:2:36:2:Infinity":0,"f:4:2:4:10":0,"s:4:39:4:54":1,"f:6:9:6:16":1,"s:7:23:7:49":2,"b:8:4:9:Infinity:undefined:undefined:undefined:undefined":0,"s:8:4:9:Infinity":3,"s:9:6:9:Infinity":4,"s:11:4:11:Infinity":5,"f:14:9:14:17":2,"s:15:4:15:Infinity":6,"f:18:2:18:21":3,"s:19:4:19:Infinity":7}}}
,"/home/nataly/Escritorio/proyectos/api/frontend/pos-frontend/src/domain/events/DomainEvents.ts": {"path":"/home/nataly/Escritorio/proyectos/api/frontend/pos-frontend/src/domain/events/DomainEvents.ts","statementMap":{},"fnMap":{},"branchMap":{},"s":{},"f":{},"b":{},"meta":{"lastBranch":0,"lastFunction":0,"lastStatement":0,"seen":{}}}
,"/home/nataly/Escritorio/proyectos/api/frontend/pos-frontend/src/domain/ports/CartRepository.ts": {"path":"/home/nataly/Escritorio/proyectos/api/frontend/pos-frontend/src/domain/ports/CartRepository.ts","statementMap":{},"fnMap":{},"branchMap":{},"s":{},"f":{},"b":{},"meta":{"lastBranch":0,"lastFunction":0,"lastStatement":0,"seen":{}}}
,"/home/nataly/Escritorio/proyectos/api/frontend/pos-frontend/src/domain/ports/CustomerRepository.ts": {"path":"/home/nataly/Escritorio/proyectos/api/frontend/pos-frontend/src/domain/ports/CustomerRepository.ts","statementMap":{},"fnMap":{},"branchMap":{},"s":{},"f":{},"b":{},"meta":{"lastBranch":0,"lastFunction":0,"lastStatement":0,"seen":{}}}
,"/home/nataly/Escritorio/proyectos/api/frontend/pos-frontend/src/domain/ports/PaymentGateway.ts": {"path":"/home/nataly/Escritorio/proyectos/api/frontend/pos-frontend/src/domain/ports/PaymentGateway.ts","statementMap":{},"fnMap":{},"branchMap":{},"s":{},"f":{},"b":{},"meta":{"lastBranch":0,"lastFunction":0,"lastStatement":0,"seen":{}}}
,"/home/nataly/Escritorio/proyectos/api/frontend/pos-frontend/src/domain/ports/ProductRepository.ts": {"path":"/home/nataly/Escritorio/proyectos/api/frontend/pos-frontend/src/domain/ports/ProductRepository.ts","statementMap":{},"fnMap":{},"branchMap":{},"s":{},"f":{},"b":{},"meta":{"lastBranch":0,"lastFunction":0,"lastStatement":0,"seen":{}}}
,"/home/nataly/Escritorio/proyectos/api/frontend/pos-frontend/src/domain/ports/SaleRepository.ts": {"path":"/home/nataly/Escritorio/proyectos/api/frontend/pos-frontend/src/domain/ports/SaleRepository.ts","statementMap":{},"fnMap":{},"branchMap":{},"s":{},"f":{},"b":{},"meta":{"lastBranch":0,"lastFunction":0,"lastStatement":0,"seen":{}}}
,"/home/nataly/Escritorio/proyectos/api/frontend/pos-frontend/src/domain/validations/CartValidations.ts": {"path":"/home/nataly/Escritorio/proyectos/api/frontend/pos-frontend/src/domain/validations/CartValidations.ts","statementMap":{"0":{"start":{"line":7,"column":4},"end":{"line":7,"column":null}},"1":{"start":{"line":7,"column":23},"end":{"line":7,"column":null}},"2":{"start":{"line":8,"column":21},"end":{"line":8,"column":72}},"3":{"start":{"line":8,"column":44},"end":{"line":8,"column":72}},"4":{"start":{"line":9,"column":10},"end":{"line":9,"column":null}},"5":{"start":{"line":10,"column":4},"end":{"line":11,"column":null}},"6":{"start":{"line":11,"column":6},"end":{"line":11,"column":null}},"7":{"start":{"line":13,"column":4},"end":{"line":13,"column":null}}},"fnMap":{"0":{"name":"(anonymous_0)","decl":{"start":{"line":6,"column":9},"end":{"line":6,"column":25}},"loc":{"start":{"line":6,"column":91},"end":{"line":13,"column":null}},"line":6},"1":{"name":"(anonymous_1)","decl":{"start":{"line":8,"column":32},"end":{"line":8,"column":38}},"loc":{"start":{"line":8,"column":44},"end":{"line":8,"column":72}},"line":8}},"branchMap":{"0":{"loc":{"start":{"line":7,"column":4},"end":{"line":7,"column":null}},"type":"if","locations":[{"start":{"line":7,"column":4},"end":{"line":7,"column":null}},{"start":{},"end":{}}],"line":7},"1":{"loc":{"start":{"line":9,"column":19},"end":{"line":9,"column":46}},"type":"binary-expr","locations":[{"start":{"line":9,"column":19},"end":{"line":9,"column":41}},{"start":{"line":9,"column":41},"end":{"line":9,"column":46}}],"line":9},"2":{"loc":{"start":{"line":10,"column":4},"end":{"line":11,"column":null}},"type":"if","locations":[{"start":{"line":10,"column":4},"end":{"line":11,"column":null}},{"start":{},"end":{}}],"line":10}},"s":{"0":12,"1":2,"2":10,"3":2,"4":10,"5":12,"6":4,"7":6},"f":{"0":7,"1":2},"b":{"0":[2,10],"1":[10,8],"2":[4,8]},"meta":{"lastBranch":3,"lastFunction":2,"lastStatement":8,"seen":{"f:6:9:6:25":0,"b:7:4:7:Infinity:undefined:undefined:undefined:undefined":0,"s:7:4:7:Infinity":0,"s:7:23:7:Infinity":1,"s:8:21:8:72":2,"f:8:32:8:38":1,"s:8:44:8:72":3,"s:9:10:9:Infinity":4,"b:9:19:9:41:9:41:9:46":1,"b:10:4:11:Infinity:undefined:undefined:undefined:undefined":2,"s:10:4:11:Infinity":5,"s:11:6:11:Infinity":6,"s:13:4:13:Infinity":7}}}
,"/home/nataly/Escritorio/proyectos/api/frontend/pos-frontend/src/domain/validations/ProductValidations.ts": {"path":"/home/nataly/Escritorio/proyectos/api/frontend/pos-frontend/src/domain/validations/ProductValidations.ts","statementMap":{"0":{"start":{"line":8,"column":4},"end":{"line":8,"column":null}},"1":{"start":{"line":8,"column":20},"end":{"line":8,"column":null}},"2":{"start":{"line":9,"column":4},"end":{"line":9,"column":null}},"3":{"start":{"line":9,"column":24},"end":{"line":9,"column":null}},"4":{"start":{"line":10,"column":4},"end":{"line":10,"column":null}},"5":{"start":{"line":14,"column":4},"end":{"line":14,"column":null}},"6":{"start":{"line":14,"column":19},"end":{"line":14,"column":null}},"7":{"start":{"line":15,"column":4},"end":{"line":15,"column":null}},"8":{"start":{"line":15,"column":26},"end":{"line":15,"column":null}},"9":{"start":{"line":16,"column":4},"end":{"line":16,"column":null}}},"fnMap":{"0":{"name":"(anonymous_0)","decl":{"start":{"line":7,"column":9},"end":{"line":7,"column":23}},"loc":{"start":{"line":7,"column":56},"end":{"line":10,"column":null}},"line":7},"1":{"name":"(anonymous_1)","decl":{"start":{"line":13,"column":9},"end":{"line":13,"column":23}},"loc":{"start":{"line":13,"column":74},"end":{"line":16,"column":null}},"line":13}},"branchMap":{"0":{"loc":{"start":{"line":8,"column":4},"end":{"line":8,"column":null}},"type":"if","locations":[{"start":{"line":8,"column":4},"end":{"line":8,"column":null}},{"start":{},"end":{}}],"line":8},"1":{"loc":{"start":{"line":9,"column":4},"end":{"line":9,"column":null}},"type":"if","locations":[{"start":{"line":9,"column":4},"end":{"line":9,"column":null}},{"start":{},"end":{}}],"line":9},"2":{"loc":{"start":{"line":14,"column":4},"end":{"line":14,"column":null}},"type":"if","locations":[{"start":{"line":14,"column":4},"end":{"line":14,"column":null}},{"start":{},"end":{}}],"line":14},"3":{"loc":{"start":{"line":15,"column":4},"end":{"line":15,"column":null}},"type":"if","locations":[{"start":{"line":15,"column":4},"end":{"line":15,"column":null}},{"start":{},"end":{}}],"line":15}},"s":{"0":11,"1":5,"2":6,"3":6,"4":5,"5":8,"6":3,"7":5,"8":5,"9":4},"f":{"0":7,"1":7},"b":{"0":[5,6],"1":[1,5],"2":[3,5],"3":[1,4]},"meta":{"lastBranch":4,"lastFunction":2,"lastStatement":10,"seen":{"f:7:9:7:23":0,"b:8:4:8:Infinity:undefined:undefined:undefined:undefined":0,"s:8:4:8:Infinity":0,"s:8:20:8:Infinity":1,"b:9:4:9:Infinity:undefined:undefined:undefined:undefined":1,"s:9:4:9:Infinity":2,"s:9:24:9:Infinity":3,"s:10:4:10:Infinity":4,"f:13:9:13:23":1,"b:14:4:14:Infinity:undefined:undefined:undefined:undefined":2,"s:14:4:14:Infinity":5,"s:14:19:14:Infinity":6,"b:15:4:15:Infinity:undefined:undefined:undefined:undefined":3,"s:15:4:15:Infinity":7,"s:15:26:15:Infinity":8,"s:16:4:16:Infinity":9}}}
,"/home/nataly/Escritorio/proyectos/api/frontend/pos-frontend/src/domain/validations/productHelpers.ts": {"path":"/home/nataly/Escritorio/proyectos/api/frontend/pos-frontend/src/domain/validations/productHelpers.ts","statementMap":{"0":{"start":{"line":4,"column":2},"end":{"line":4,"column":null}},"1":{"start":{"line":8,"column":2},"end":{"line":8,"column":null}},"2":{"start":{"line":8,"column":19},"end":{"line":8,"column":null}},"3":{"start":{"line":9,"column":2},"end":{"line":9,"column":null}},"4":{"start":{"line":9,"column":25},"end":{"line":9,"column":null}},"5":{"start":{"line":10,"column":2},"end":{"line":10,"column":null}}},"fnMap":{"0":{"name":"isProductAvailable","decl":{"start":{"line":3,"column":16},"end":{"line":3,"column":35}},"loc":{"start":{"line":3,"column":62},"end":{"line":4,"column":null}},"line":3},"1":{"name":"getStockStatus","decl":{"start":{"line":7,"column":16},"end":{"line":7,"column":31}},"loc":{"start":{"line":7,"column":86},"end":{"line":10,"column":null}},"line":7}},"branchMap":{"0":{"loc":{"start":{"line":4,"column":9},"end":{"line":4,"column":null}},"type":"binary-expr","locations":[{"start":{"line":4,"column":9},"end":{"line":4,"column":29}},{"start":{"line":4,"column":29},"end":{"line":4,"column":null}}],"line":4},"1":{"loc":{"start":{"line":8,"column":2},"end":{"line":8,"column":null}},"type":"if","locations":[{"start":{"line":8,"column":2},"end":{"line":8,"column":null}},{"start":{},"end":{}}],"line":8},"2":{"loc":{"start":{"line":9,"column":2},"end":{"line":9,"column":null}},"type":"if","locations":[{"start":{"line":9,"column":2},"end":{"line":9,"column":null}},{"start":{},"end":{}}],"line":9}},"s":{"0":12,"1":26,"2":4,"3":22,"4":5,"5":17},"f":{"0":12,"1":26},"b":{"0":[12,9],"1":[4,22],"2":[5,17]},"meta":{"lastBranch":3,"lastFunction":2,"lastStatement":6,"seen":{"f:3:16:3:35":0,"s:4:2:4:Infinity":0,"b:4:9:4:29:4:29:4:Infinity":0,"f:7:16:7:31":1,"b:8:2:8:Infinity:undefined:undefined:undefined:undefined":1,"s:8:2:8:Infinity":1,"s:8:19:8:Infinity":2,"b:9:2:9:Infinity:undefined:undefined:undefined:undefined":2,"s:9:2:9:Infinity":3,"s:9:25:9:Infinity":4,"s:10:2:10:Infinity":5}}}
,"/home/nataly/Escritorio/proyectos/api/frontend/pos-frontend/src/infrastructure/mappers/CartMapper.ts": {"path":"/home/nataly/Escritorio/proyectos/api/frontend/pos-frontend/src/infrastructure/mappers/CartMapper.ts","statementMap":{"0":{"start":{"line":34,"column":30},"end":{"line":41,"column":7}},"1":{"start":{"line":34,"column":52},"end":{"line":41,"column":7}},"2":{"start":{"line":43,"column":4},"end":{"line":53,"column":null}}},"fnMap":{"0":{"name":"(anonymous_0)","decl":{"start":{"line":33,"column":9},"end":{"line":33,"column":18}},"loc":{"start":{"line":33,"column":46},"end":{"line":53,"column":null}},"line":33},"1":{"name":"(anonymous_1)","decl":{"start":{"line":34,"column":40},"end":{"line":34,"column":45}},"loc":{"start":{"line":34,"column":52},"end":{"line":41,"column":7}},"line":34}},"branchMap":{"0":{"loc":{"start":{"line":38,"column":24},"end":{"line":38,"column":57}},"type":"binary-expr","locations":[{"start":{"line":38,"column":24},"end":{"line":38,"column":39}},{"start":{"line":38,"column":39},"end":{"line":38,"column":55}},{"start":{"line":38,"column":55},"end":{"line":38,"column":57}}],"line":38},"1":{"loc":{"start":{"line":39,"column":23},"end":{"line":39,"column":39}},"type":"binary-expr","locations":[{"start":{"line":39,"column":23},"end":{"line":39,"column":37}},{"start":{"line":39,"column":37},"end":{"line":39,"column":39}}],"line":39},"2":{"loc":{"start":{"line":40,"column":23},"end":{"line":40,"column":null}},"type":"binary-expr","locations":[{"start":{"line":40,"column":23},"end":{"line":40,"column":37}},{"start":{"line":40,"column":37},"end":{"line":40,"column":null}}],"line":40},"3":{"loc":{"start":{"line":46,"column":18},"end":{"line":46,"column":null}},"type":"binary-expr","locations":[{"start":{"line":46,"column":18},"end":{"line":46,"column":36}},{"start":{"line":46,"column":36},"end":{"line":46,"column":null}}],"line":46},"4":{"loc":{"start":{"line":49,"column":23},"end":{"line":49,"column":41}},"type":"binary-expr","locations":[{"start":{"line":49,"column":23},"end":{"line":49,"column":39}},{"start":{"line":49,"column":39},"end":{"line":49,"column":41}}],"line":49},"5":{"loc":{"start":{"line":51,"column":26},"end":{"line":51,"column":71}},"type":"binary-expr","locations":[{"start":{"line":51,"column":26},"end":{"line":51,"column":43}},{"start":{"line":51,"column":43},"end":{"line":51,"column":61}},{"start":{"line":51,"column":61},"end":{"line":51,"column":71}}],"line":51},"6":{"loc":{"start":{"line":52,"column":26},"end":{"line":52,"column":71}},"type":"binary-expr","locations":[{"start":{"line":52,"column":26},"end":{"line":52,"column":43}},{"start":{"line":52,"column":43},"end":{"line":52,"column":61}},{"start":{"line":52,"column":61},"end":{"line":52,"column":71}}],"line":52}},"s":{"0":6,"1":6,"2":6},"f":{"0":5,"1":6},"b":{"0":[6,6,0],"1":[6,0],"2":[6,0],"3":[6,6],"4":[6,0],"5":[6,6,0],"6":[6,6,0]},"meta":{"lastBranch":7,"lastFunction":2,"lastStatement":3,"seen":{"f:33:9:33:18":0,"s:34:30:41:7":0,"f:34:40:34:45":1,"s:34:52:41:7":1,"b:38:24:38:39:38:39:38:55:38:55:38:57":0,"b:39:23:39:37:39:37:39:39":1,"b:40:23:40:37:40:37:40:Infinity":2,"s:43:4:53:Infinity":2,"b:46:18:46:36:46:36:46:Infinity":3,"b:49:23:49:39:49:39:49:41":4,"b:51:26:51:43:51:43:51:61:51:61:51:71":5,"b:52:26:52:43:52:43:52:61:52:61:52:71":6}}}
,"/home/nataly/Escritorio/proyectos/api/frontend/pos-frontend/src/infrastructure/mappers/CustomerMapper.ts": {"path":"/home/nataly/Escritorio/proyectos/api/frontend/pos-frontend/src/infrastructure/mappers/CustomerMapper.ts","statementMap":{"0":{"start":{"line":25,"column":50},"end":{"line":29,"column":null}},"1":{"start":{"line":31,"column":4},"end":{"line":42,"column":null}},"2":{"start":{"line":46,"column":4},"end":{"line":46,"column":null}}},"fnMap":{"0":{"name":"(anonymous_0)","decl":{"start":{"line":24,"column":9},"end":{"line":24,"column":18}},"loc":{"start":{"line":24,"column":54},"end":{"line":42,"column":null}},"line":24},"1":{"name":"(anonymous_1)","decl":{"start":{"line":45,"column":9},"end":{"line":45,"column":22}},"loc":{"start":{"line":45,"column":66},"end":{"line":46,"column":null}},"line":45}},"branchMap":{"0":{"loc":{"start":{"line":38,"column":12},"end":{"line":38,"column":null}},"type":"binary-expr","locations":[{"start":{"line":38,"column":12},"end":{"line":38,"column":61}},{"start":{"line":38,"column":61},"end":{"line":38,"column":null}}],"line":38},"1":{"loc":{"start":{"line":38,"column":20},"end":{"line":38,"column":61}},"type":"binary-expr","locations":[{"start":{"line":38,"column":20},"end":{"line":38,"column":43}},{"start":{"line":38,"column":47},"end":{"line":38,"column":61}}],"line":38},"2":{"loc":{"start":{"line":39,"column":19},"end":{"line":39,"column":null}},"type":"binary-expr","locations":[{"start":{"line":39,"column":19},"end":{"line":39,"column":38}},{"start":{"line":39,"column":38},"end":{"line":39,"column":null}}],"line":39},"3":{"loc":{"start":{"line":40,"column":16},"end":{"line":40,"column":null}},"type":"binary-expr","locations":[{"start":{"line":40,"column":16},"end":{"line":40,"column":32}},{"start":{"line":40,"column":32},"end":{"line":40,"column":49}},{"start":{"line":40,"column":49},"end":{"line":40,"column":null}}],"line":40},"4":{"loc":{"start":{"line":41,"column":26},"end":{"line":41,"column":71}},"type":"binary-expr","locations":[{"start":{"line":41,"column":26},"end":{"line":41,"column":43}},{"start":{"line":41,"column":43},"end":{"line":41,"column":61}},{"start":{"line":41,"column":61},"end":{"line":41,"column":71}}],"line":41}},"s":{"0":10,"1":10,"2":1},"f":{"0":5,"1":5},"b":{"0":[10,1],"1":[10,0],"2":[10,10],"3":[10,10,0],"4":[10,10,0]},"meta":{"lastBranch":5,"lastFunction":2,"lastStatement":3,"seen":{"f:24:9:24:18":0,"s:25:50:29:Infinity":0,"s:31:4:42:Infinity":1,"b:38:12:38:61:38:61:38:Infinity":0,"b:38:20:38:43:38:47:38:61":1,"b:39:19:39:38:39:38:39:Infinity":2,"b:40:16:40:32:40:32:40:49:40:49:40:Infinity":3,"b:41:26:41:43:41:43:41:61:41:61:41:71":4,"f:45:9:45:22":1,"s:46:4:46:Infinity":2}}}
[...]
,"/home/nataly/Escritorio/proyectos/api/frontend/pos-frontend/src/ui/store/slices/cartSlice.ts": {"path":"/home/nataly/Escritorio/proyectos/api/frontend/pos-frontend/src/ui/store/slices/cartSlice.ts","statementMap":{"0":{"start":{"line":19,"column":32},"end":{"line":23,"column":null}},"1":{"start":{"line":26,"column":13},"end":{"line":38,"column":null}},"2":{"start":{"line":32,"column":4},"end":{"line":35,"column":null}},"3":{"start":{"line":33,"column":6},"end":{"line":33,"column":null}},"4":{"start":{"line":35,"column":6},"end":{"line":35,"column":null}},"5":{"start":{"line":40,"column":13},"end":{"line":49,"column":null}},"6":{"start":{"line":43,"column":4},"end":{"line":46,"column":null}},"7":{"start":{"line":44,"column":6},"end":{"line":44,"column":null}},"8":{"start":{"line":46,"column":6},"end":{"line":46,"column":null}},"9":{"start":{"line":51,"column":13},"end":{"line":63,"column":null}},"10":{"start":{"line":57,"column":4},"end":{"line":60,"column":null}},"11":{"start":{"line":58,"column":6},"end":{"line":58,"column":null}},"12":{"start":{"line":60,"column":6},"end":{"line":60,"column":null}},"13":{"start":{"line":65,"column":13},"end":{"line":74,"column":null}},"14":{"start":{"line":68,"column":4},"end":{"line":71,"column":null}},"15":{"start":{"line":69,"column":6},"end":{"line":69,"column":null}},"16":{"start":{"line":71,"column":6},"end":{"line":71,"column":null}},"17":{"start":{"line":76,"column":13},"end":{"line":85,"column":null}},"18":{"start":{"line":79,"column":4},"end":{"line":82,"column":null}},"19":{"start":{"line":80,"column":6},"end":{"line":80,"column":null}},"20":{"start":{"line":82,"column":6},"end":{"line":82,"column":null}},"21":{"start":{"line":87,"column":13},"end":{"line":99,"column":null}},"22":{"start":{"line":93,"column":4},"end":{"line":96,"column":null}},"23":{"start":{"line":94,"column":6},"end":{"line":94,"column":null}},"24":{"start":{"line":96,"column":6},"end":{"line":96,"column":null}},"25":{"start":{"line":105,"column":13},"end":{"line":166,"column":2}},"26":{"start":{"line":110,"column":6},"end":{"line":110,"column":null}},"27":{"start":{"line":113,"column":6},"end":{"line":113,"column":null}},"28":{"start":{"line":117,"column":10},"end":{"line":117,"column":null}},"29":{"start":{"line":117,"column":44},"end":{"line":117,"column":66}},"30":{"start":{"line":117,"column":66},"end":{"line":117,"column":null}},"31":{"start":{"line":118,"column":10},"end":{"line":120,"column":null}},"32":{"start":{"line":119,"column":6},"end":{"line":119,"column":null}},"33":{"start":{"line":120,"column":6},"end":{"line":120,"column":null}},"34":{"start":{"line":123,"column":4},"end":{"line":164,"column":null}},"35":{"start":{"line":126,"column":8},"end":{"line":126,"column":null}},"36":{"start":{"line":127,"column":8},"end":{"line":127,"column":null}},"37":{"start":{"line":133,"column":8},"end":{"line":133,"column":null}},"38":{"start":{"line":134,"column":8},"end":{"line":134,"column":null}},"39":{"start":{"line":140,"column":8},"end":{"line":140,"column":null}},"40":{"start":{"line":141,"column":8},"end":{"line":141,"column":null}},"41":{"start":{"line":147,"column":8},"end":{"line":147,"column":null}},"42":{"start":{"line":148,"column":8},"end":{"line":148,"column":null}},"43":{"start":{"line":154,"column":8},"end":{"line":154,"column":null}},"44":{"start":{"line":155,"column":8},"end":{"line":155,"column":null}},"45":{"start":{"line":161,"column":8},"end":{"line":161,"column":null}},"46":{"start":{"line":162,"column":8},"end":{"line":162,"column":null}},"47":{"start":{"line":168,"column":43},"end":{"line":168,"column":null}}},"fnMap":{"0":{"name":"(anonymous_0)","decl":{"start":{"line":28,"column":2},"end":{"line":28,"column":null}},"loc":{"start":{"line":31,"column":7},"end":{"line":38,"column":null}},"line":31},"1":{"name":"(anonymous_1)","decl":{"start":{"line":42,"column":2},"end":{"line":42,"column":9}},"loc":{"start":{"line":42,"column":78},"end":{"line":49,"column":null}},"line":42},"2":{"name":"(anonymous_2)","decl":{"start":{"line":53,"column":2},"end":{"line":53,"column":null}},"loc":{"start":{"line":56,"column":7},"end":{"line":63,"column":null}},"line":56},"3":{"name":"(anonymous_3)","decl":{"start":{"line":67,"column":2},"end":{"line":67,"column":9}},"loc":{"start":{"line":67,"column":49},"end":{"line":74,"column":null}},"line":67},"4":{"name":"(anonymous_4)","decl":{"start":{"line":78,"column":2},"end":{"line":78,"column":9}},"loc":{"start":{"line":78,"column":49},"end":{"line":85,"column":null}},"line":78},"5":{"name":"(anonymous_5)","decl":{"start":{"line":89,"column":2},"end":{"line":89,"column":null}},"loc":{"start":{"line":92,"column":7},"end":{"line":99,"column":null}},"line":92},"6":{"name":"(anonymous_6)","decl":{"start":{"line":109,"column":4},"end":{"line":109,"column":12}},"loc":{"start":{"line":109,"column":55},"end":{"line":110,"column":null}},"line":109},"7":{"name":"(anonymous_7)","decl":{"start":{"line":112,"column":4},"end":{"line":112,"column":19}},"loc":{"start":{"line":112,"column":26},"end":{"line":113,"column":null}},"line":112},"8":{"name":"(anonymous_8)","decl":{"start":{"line":116,"column":2},"end":{"line":116,"column":18}},"loc":{"start":{"line":116,"column":30},"end":{"line":164,"column":null}},"line":116},"9":{"name":"(anonymous_9)","decl":{"start":{"line":117,"column":10},"end":{"line":117,"column":21}},"loc":{"start":{"line":117,"column":42},"end":{"line":117,"column":null}},"line":117},"10":{"name":"(anonymous_10)","decl":{"start":{"line":118,"column":10},"end":{"line":118,"column":22}},"loc":{"start":{"line":118,"column":73},"end":{"line":120,"column":null}},"line":118},"11":{"name":"(anonymous_11)","decl":{"start":{"line":125,"column":29},"end":{"line":125,"column":41}},"loc":{"start":{"line":125,"column":59},"end":{"line":128,"column":null}},"line":125},"12":{"name":"(anonymous_12)","decl":{"start":{"line":132,"column":30},"end":{"line":132,"column":42}},"loc":{"start":{"line":132,"column":60},"end":{"line":135,"column":null}},"line":132},"13":{"name":"(anonymous_13)","decl":{"start":{"line":139,"column":34},"end":{"line":139,"column":46}},"loc":{"start":{"line":139,"column":64},"end":{"line":142,"column":null}},"line":139},"14":{"name":"(anonymous_14)","decl":{"start":{"line":146,"column":30},"end":{"line":146,"column":42}},"loc":{"start":{"line":146,"column":52},"end":{"line":149,"column":null}},"line":146},"15":{"name":"(anonymous_15)","decl":{"start":{"line":153,"column":29},"end":{"line":153,"column":41}},"loc":{"start":{"line":153,"column":51},"end":{"line":156,"column":null}},"line":153},"16":{"name":"(anonymous_16)","decl":{"start":{"line":160,"column":33},"end":{"line":160,"column":45}},"loc":{"start":{"line":160,"column":63},"end":{"line":163,"column":null}},"line":160}},"branchMap":{"0":{"loc":{"start":{"line":35,"column":29},"end":{"line":35,"column":96}},"type":"cond-expr","locations":[{"start":{"line":35,"column":52},"end":{"line":35,"column":66}},{"start":{"line":35,"column":66},"end":{"line":35,"column":96}}],"line":35},"1":{"loc":{"start":{"line":46,"column":29},"end":{"line":46,"column":91}},"type":"cond-expr","locations":[{"start":{"line":46,"column":52},"end":{"line":46,"column":66}},{"start":{"line":46,"column":66},"end":{"line":46,"column":91}}],"line":46},"2":{"loc":{"start":{"line":60,"column":29},"end":{"line":60,"column":97}},"type":"cond-expr","locations":[{"start":{"line":60,"column":52},"end":{"line":60,"column":66}},{"start":{"line":60,"column":66},"end":{"line":60,"column":97}}],"line":60},"3":{"loc":{"start":{"line":71,"column":29},"end":{"line":71,"column":92}},"type":"cond-expr","locations":[{"start":{"line":71,"column":52},"end":{"line":71,"column":66}},{"start":{"line":71,"column":66},"end":{"line":71,"column":92}}],"line":71},"4":{"loc":{"start":{"line":82,"column":29},"end":{"line":82,"column":93}},"type":"cond-expr","locations":[{"start":{"line":82,"column":52},"end":{"line":82,"column":66}},{"start":{"line":82,"column":66},"end":{"line":82,"column":93}}],"line":82},"5":{"loc":{"start":{"line":96,"column":29},"end":{"line":96,"column":95}},"type":"cond-expr","locations":[{"start":{"line":96,"column":52},"end":{"line":96,"column":66}},{"start":{"line":96,"column":66},"end":{"line":96,"column":95}}],"line":96}},"s":{"0":2,"1":2,"2":2,"3":2,"4":1,"5":2,"6":1,"7":1,"8":0,"9":2,"10":1,"11":1,"12":0,"13":2,"14":1,"15":1,"16":0,"17":2,"18":1,"19":1,"20":0,"21":2,"22":1,"23":1,"24":0,"25":2,"26":3,"27":1,"28":2,"29":7,"30":7,"31":2,"32":1,"33":1,"34":2,"35":1,"36":1,"37":1,"38":1,"39":1,"40":1,"41":1,"42":1,"43":1,"44":1,"45":1,"46":1,"47":2},"f":{"0":2,"1":1,"2":1,"3":1,"4":1,"5":1,"6":3,"7":1,"8":2,"9":7,"10":1,"11":1,"12":1,"13":1,"14":1,"15":1,"16":1},"b":{"0":[1,0],"1":[0,0],"2":[0,0],"3":[0,0],"4":[0,0],"5":[0,0]},"meta":{"lastBranch":6,"lastFunction":17,"lastStatement":48,"seen":{"s:19:32:23:Infinity":0,"s:26:13:38:Infinity":1,"f:28:2:28:Infinity":0,"s:32:4:35:Infinity":2,"s:33:6:33:Infinity":3,"s:35:6:35:Infinity":4,"b:35:52:35:66:35:66:35:96":0,"s:40:13:49:Infinity":5,"f:42:2:42:9":1,"s:43:4:46:Infinity":6,"s:44:6:44:Infinity":7,"s:46:6:46:Infinity":8,"b:46:52:46:66:46:66:46:91":1,"s:51:13:63:Infinity":9,"f:53:2:53:Infinity":2,"s:57:4:60:Infinity":10,"s:58:6:58:Infinity":11,"s:60:6:60:Infinity":12,"b:60:52:60:66:60:66:60:97":2,"s:65:13:74:Infinity":13,"f:67:2:67:9":3,"s:68:4:71:Infinity":14,"s:69:6:69:Infinity":15,"s:71:6:71:Infinity":16,"b:71:52:71:66:71:66:71:92":3,"s:76:13:85:Infinity":17,"f:78:2:78:9":4,"s:79:4:82:Infinity":18,"s:80:6:80:Infinity":19,"s:82:6:82:Infinity":20,"b:82:52:82:66:82:66:82:93":4,"s:87:13:99:Infinity":21,"f:89:2:89:Infinity":5,"s:93:4:96:Infinity":22,"s:94:6:94:Infinity":23,"s:96:6:96:Infinity":24,"b:96:52:96:66:96:66:96:95":5,"s:105:13:166:2":25,"f:109:4:109:12":6,"s:110:6:110:Infinity":26,"f:112:4:112:19":7,"s:113:6:113:Infinity":27,"f:116:2:116:18":8,"s:117:10:117:Infinity":28,"f:117:10:117:21":9,"s:117:44:117:66":29,"s:117:66:117:Infinity":30,"s:118:10:120:Infinity":31,"f:118:10:118:22":10,"s:119:6:119:Infinity":32,"s:120:6:120:Infinity":33,"s:123:4:164:Infinity":34,"f:125:29:125:41":11,"s:126:8:126:Infinity":35,"s:127:8:127:Infinity":36,"f:132:30:132:42":12,"s:133:8:133:Infinity":37,"s:134:8:134:Infinity":38,"f:139:34:139:46":13,"s:140:8:140:Infinity":39,"s:141:8:141:Infinity":40,"f:146:30:146:42":14,"s:147:8:147:Infinity":41,"s:148:8:148:Infinity":42,"f:153:29:153:41":15,"s:154:8:154:Infinity":43,"s:155:8:155:Infinity":44,"f:160:33:160:45":16,"s:161:8:161:Infinity":45,"s:162:8:162:Infinity":46,"s:168:43:168:Infinity":47}}}
,"/home/nataly/Escritorio/proyectos/api/frontend/pos-frontend/src/ui/store/slices/customersSlice.ts": {"path":"/home/nataly/Escritorio/proyectos/api/frontend/pos-frontend/src/ui/store/slices/customersSlice.ts","statementMap":{"0":{"start":{"line":15,"column":37},"end":{"line":19,"column":null}},"1":{"start":{"line":21,"column":13},"end":{"line":30,"column":null}},"2":{"start":{"line":24,"column":4},"end":{"line":27,"column":null}},"3":{"start":{"line":25,"column":6},"end":{"line":25,"column":null}},"4":{"start":{"line":27,"column":6},"end":{"line":27,"column":null}},"5":{"start":{"line":32,"column":13},"end":{"line":41,"column":null}},"6":{"start":{"line":35,"column":4},"end":{"line":38,"column":null}},"7":{"start":{"line":36,"column":6},"end":{"line":36,"column":null}},"8":{"start":{"line":38,"column":6},"end":{"line":38,"column":null}},"9":{"start":{"line":47,"column":13},"end":{"line":67,"column":2}},"10":{"start":{"line":52,"column":6},"end":{"line":52,"column":null}},"11":{"start":{"line":55,"column":6},"end":{"line":55,"column":null}},"12":{"start":{"line":59,"column":4},"end":{"line":65,"column":null}},"13":{"start":{"line":60,"column":52},"end":{"line":60,"column":79}},"14":{"start":{"line":60,"column":79},"end":{"line":60,"column":106}},"15":{"start":{"line":61,"column":62},"end":{"line":61,"column":90}},"16":{"start":{"line":61,"column":90},"end":{"line":61,"column":126}},"17":{"start":{"line":62,"column":61},"end":{"line":62,"column":89}},"18":{"start":{"line":62,"column":89},"end":{"line":62,"column":136}},"19":{"start":{"line":63,"column":58},"end":{"line":63,"column":85}},"20":{"start":{"line":63,"column":85},"end":{"line":63,"column":112}},"21":{"start":{"line":64,"column":68},"end":{"line":64,"column":96}},"22":{"start":{"line":64,"column":96},"end":{"line":64,"column":132}},"23":{"start":{"line":65,"column":67},"end":{"line":65,"column":95}},"24":{"start":{"line":65,"column":95},"end":{"line":65,"column":142}},"25":{"start":{"line":69,"column":57},"end":{"line":69,"column":null}}},"fnMap":{"0":{"name":"(anonymous_0)","decl":{"start":{"line":23,"column":2},"end":{"line":23,"column":9}},"loc":{"start":{"line":23,"column":71},"end":{"line":30,"column":null}},"line":23},"1":{"name":"(anonymous_1)","decl":{"start":{"line":34,"column":2},"end":{"line":34,"column":9}},"loc":{"start":{"line":34,"column":48},"end":{"line":41,"column":null}},"line":34},"2":{"name":"(anonymous_2)","decl":{"start":{"line":51,"column":4},"end":{"line":51,"column":19}},"loc":{"start":{"line":51,"column":59},"end":{"line":52,"column":null}},"line":51},"3":{"name":"(anonymous_3)","decl":{"start":{"line":54,"column":4},"end":{"line":54,"column":26}},"loc":{"start":{"line":54,"column":33},"end":{"line":55,"column":null}},"line":54},"4":{"name":"(anonymous_4)","decl":{"start":{"line":58,"column":2},"end":{"line":58,"column":18}},"loc":{"start":{"line":58,"column":30},"end":{"line":65,"column":null}},"line":58},"5":{"name":"(anonymous_5)","decl":{"start":{"line":60,"column":30},"end":{"line":60,"column":40}},"loc":{"start":{"line":60,"column":50},"end":{"line":60,"column":null}},"line":60},"6":{"name":"(anonymous_6)","decl":{"start":{"line":61,"column":30},"end":{"line":61,"column":42}},"loc":{"start":{"line":61,"column":60},"end":{"line":61,"column":null}},"line":61},"7":{"name":"(anonymous_7)","decl":{"start":{"line":62,"column":30},"end":{"line":62,"column":41}},"loc":{"start":{"line":62,"column":59},"end":{"line":62,"column":null}},"line":62},"8":{"name":"(anonymous_8)","decl":{"start":{"line":63,"column":36},"end":{"line":63,"column":46}},"loc":{"start":{"line":63,"column":56},"end":{"line":63,"column":null}},"line":63},"9":{"name":"(anonymous_9)","decl":{"start":{"line":64,"column":36},"end":{"line":64,"column":48}},"loc":{"start":{"line":64,"column":66},"end":{"line":64,"column":null}},"line":64},"10":{"name":"(anonymous_10)","decl":{"start":{"line":65,"column":36},"end":{"line":65,"column":47}},"loc":{"start":{"line":65,"column":65},"end":{"line":65,"column":null}},"line":65}},"branchMap":{"0":{"loc":{"start":{"line":27,"column":29},"end":{"line":27,"column":93}},"type":"cond-expr","locations":[{"start":{"line":27,"column":52},"end":{"line":27,"column":66}},{"start":{"line":27,"column":66},"end":{"line":27,"column":93}}],"line":27},"1":{"loc":{"start":{"line":38,"column":29},"end":{"line":38,"column":93}},"type":"cond-expr","locations":[{"start":{"line":38,"column":52},"end":{"line":38,"column":66}},{"start":{"line":38,"column":66},"end":{"line":38,"column":93}}],"line":38}},"s":{"0":2,"1":2,"2":2,"3":2,"4":1,"5":2,"6":2,"7":2,"8":1,"9":2,"10":2,"11":1,"12":2,"13":2,"14":2,"15":1,"16":1,"17":1,"18":1,"19":2,"20":2,"21":1,"22":1,"23":1,"24":1,"25":2},"f":{"0":2,"1":2,"2":2,"3":1,"4":2,"5":2,"6":1,"7":1,"8":2,"9":1,"10":1},"b":{"0":[1,0],"1":[1,0]},"meta":{"lastBranch":2,"lastFunction":11,"lastStatement":26,"seen":{"s:15:37:19:Infinity":0,"s:21:13:30:Infinity":1,"f:23:2:23:9":0,"s:24:4:27:Infinity":2,"s:25:6:25:Infinity":3,"s:27:6:27:Infinity":4,"b:27:52:27:66:27:66:27:93":0,"s:32:13:41:Infinity":5,"f:34:2:34:9":1,"s:35:4:38:Infinity":6,"s:36:6:36:Infinity":7,"s:38:6:38:Infinity":8,"b:38:52:38:66:38:66:38:93":1,"s:47:13:67:2":9,"f:51:4:51:19":2,"s:52:6:52:Infinity":10,"f:54:4:54:26":3,"s:55:6:55:Infinity":11,"f:58:2:58:18":4,"s:59:4:65:Infinity":12,"f:60:30:60:40":5,"s:60:52:60:79":13,"s:60:79:60:106":14,"f:61:30:61:42":6,"s:61:62:61:90":15,"s:61:90:61:126":16,"f:62:30:62:41":7,"s:62:61:62:89":17,"s:62:89:62:136":18,"f:63:36:63:46":8,"s:63:58:63:85":19,"s:63:85:63:112":20,"f:64:36:64:48":9,"s:64:68:64:96":21,"s:64:96:64:132":22,"f:65:36:65:47":10,"s:65:67:65:95":23,"s:65:95:65:142":24,"s:69:57:69:Infinity":25}}}
,"/home/nataly/Escritorio/proyectos/api/frontend/pos-frontend/src/ui/store/slices/uiSlice.ts": {"path":"/home/nataly/Escritorio/proyectos/api/frontend/pos-frontend/src/ui/store/slices/uiSlice.ts","statementMap":{"0":{"start":{"line":17,"column":30},"end":{"line":25,"column":null}},"1":{"start":{"line":31,"column":13},"end":{"line":57,"column":2}},"2":{"start":{"line":36,"column":17},"end":{"line":36,"column":null}},"3":{"start":{"line":37,"column":6},"end":{"line":37,"column":null}},"4":{"start":{"line":40,"column":6},"end":{"line":40,"column":null}},"5":{"start":{"line":40,"column":62},"end":{"line":40,"column":86}},"6":{"start":{"line":43,"column":6},"end":{"line":43,"column":null}},"7":{"start":{"line":46,"column":6},"end":{"line":46,"column":null}},"8":{"start":{"line":49,"column":6},"end":{"line":49,"column":null}},"9":{"start":{"line":52,"column":6},"end":{"line":54,"column":null}},"10":{"start":{"line":53,"column":8},"end":{"line":53,"column":null}},"11":{"start":{"line":66,"column":4},"end":{"line":66,"column":null}}},"fnMap":{"0":{"name":"(anonymous_0)","decl":{"start":{"line":35,"column":4},"end":{"line":35,"column":20}},"loc":{"start":{"line":35,"column":83},"end":{"line":37,"column":null}},"line":35},"1":{"name":"(anonymous_1)","decl":{"start":{"line":39,"column":4},"end":{"line":39,"column":23}},"loc":{"start":{"line":39,"column":61},"end":{"line":40,"column":null}},"line":39},"2":{"name":"(anonymous_2)","decl":{"start":{"line":40,"column":48},"end":{"line":40,"column":56}},"loc":{"start":{"line":40,"column":62},"end":{"line":40,"column":86}},"line":40},"3":{"name":"(anonymous_3)","decl":{"start":{"line":42,"column":4},"end":{"line":42,"column":23}},"loc":{"start":{"line":42,"column":30},"end":{"line":43,"column":null}},"line":42},"4":{"name":"(anonymous_4)","decl":{"start":{"line":45,"column":4},"end":{"line":45,"column":14}},"loc":{"start":{"line":45,"column":62},"end":{"line":46,"column":null}},"line":45},"5":{"name":"(anonymous_5)","decl":{"start":{"line":48,"column":4},"end":{"line":48,"column":15}},"loc":{"start":{"line":48,"column":63},"end":{"line":49,"column":null}},"line":48},"6":{"name":"(anonymous_6)","decl":{"start":{"line":51,"column":4},"end":{"line":51,"column":19}},"loc":{"start":{"line":51,"column":26},"end":{"line":54,"column":null}},"line":51},"7":{"name":"(anonymous_7)","decl":{"start":{"line":52,"column":32},"end":{"line":52,"column":41}},"loc":{"start":{"line":52,"column":49},"end":{"line":54,"column":null}},"line":52}},"branchMap":{},"s":{"0":1,"1":1,"2":6,"3":6,"4":1,"5":1,"6":1,"7":4,"8":1,"9":1,"10":4,"11":1},"f":{"0":6,"1":1,"2":1,"3":1,"4":4,"5":1,"6":1,"7":4},"b":{},"meta":{"lastBranch":0,"lastFunction":8,"lastStatement":12,"seen":{"s:17:30:25:Infinity":0,"s:31:13:57:2":1,"f:35:4:35:20":0,"s:36:17:36:Infinity":2,"s:37:6:37:Infinity":3,"f:39:4:39:23":1,"s:40:6:40:Infinity":4,"f:40:48:40:56":2,"s:40:62:40:86":5,"f:42:4:42:23":3,"s:43:6:43:Infinity":6,"f:45:4:45:14":4,"s:46:6:46:Infinity":7,"f:48:4:48:15":5,"s:49:6:49:Infinity":8,"f:51:4:51:19":6,"s:52:6:54:Infinity":9,"f:52:32:52:41":7,"s:53:8:53:Infinity":10,"s:66:4:66:Infinity":11}}}
}
